#
# A fatal error has been detected by the Java Runtime Environment:
#
#  EXCEPTION_ACCESS_VIOLATION (0xc0000005) at pc=0x000000005655eaf5, pid=6340, tid=0x0000000000000670
#
# JRE version: Java(TM) SE Runtime Environment (8.0_271-b09) (build 1.8.0_271-b09)
# Java VM: Java HotSpot(TM) 64-Bit Server VM (25.271-b09 mixed mode windows-amd64 compressed oops)
# Problematic frame:
# V  [jvm.dll+0x47eaf5]
#
# Failed to write core dump. Minidumps are not enabled by default on client versions of Windows
#
# If you would like to submit a bug report, please visit:
#   http://bugreport.java.com/bugreport/crash.jsp
#

---------------  T H R E A D  ---------------

Current thread (0x0000026ee90ab800):  JavaThread "C2 CompilerThread0" daemon [_thread_in_native, id=1648, stack(0x000000fc33300000,0x000000fc33400000)]

siginfo: ExceptionCode=0xc0000005, reading address 0x0000026eef83e1a8

Registers:
RAX=0x000000fc333fb2d0, RBX=0x0000000000126150, RCX=0x0000000000000004, RDX=0x0000000000000018
RSP=0x000000fc333fb040, RBP=0x000000fc333fb140, RSI=0x0000000000000000, RDI=0x0000026eef718050
R8 =0x0000000000002a00, R9 =0x000000fc333fb128, R10=0x00000000560e0000, R11=0x000000fc333fb5f0
R12=0x0000000000000004, R13=0x000000fc333fb5f0, R14=0x00000000560e0000, R15=0x0000026eec6e7d80
RIP=0x000000005655eaf5, EFLAGS=0x0000000000010206

Top of Stack: (sp=0x000000fc333fb040)
0x000000fc333fb040:   00000000000feb50 000000fc333fb140
0x000000fc333fb050:   0000000000000000 0000000000000002
0x000000fc333fb060:   0000026eec6e7240 0000000100000003
0x000000fc333fb070:   0000000300000001 0000000000000002
0x000000fc333fb080:   0000000100000000 000000000000000d
0x000000fc333fb090:   0000026eea5541a0 000000005656319b
0x000000fc333fb0a0:   0000026ee9088cb0 0000000000000001
0x000000fc333fb0b0:   0000026eec600bd0 0000246800000000
0x000000fc333fb0c0:   0000026e00000008 0000026eef393ea0
0x000000fc333fb0d0:   000000000000002a 0000026ee9df97d0
0x000000fc333fb0e0:   000000fc0000002a 000000fc333fb160
0x000000fc333fb0f0:   0000026eef718050 0000000000000000
0x000000fc333fb100:   0000000000000000 0000000300000000
0x000000fc333fb110:   0000000000000000 0000000000000000
0x000000fc333fb120:   0000026eec6e7d80 00002a0400000003
0x000000fc333fb130:   0000026e00000001 0000026eef395860 

Instructions: (pc=0x000000005655eaf5)
0x000000005655ead5:   4d e8 e8 c4 42 00 00 85 c0 0f 84 ee 00 00 00 8b
0x000000005655eae5:   c0 0f 28 c6 48 6b d8 70 49 8b 45 70 48 8b 78 20
0x000000005655eaf5:   f2 0f 58 44 3b 08 48 8d 4f 38 48 03 cb f2 0f 11
0x000000005655eb05:   44 3b 08 e8 a3 40 07 00 84 c0 74 80 83 7c 3b 60 


Register to memory mapping:

RAX=0x000000fc333fb2d0 is pointing into the stack for thread: 0x0000026ee90ab800
RBX=0x0000000000126150 is an unknown value
RCX=0x0000000000000004 is an unknown value
RDX=0x0000000000000018 is an unknown value
RSP=0x000000fc333fb040 is pointing into the stack for thread: 0x0000026ee90ab800
RBP=0x000000fc333fb140 is pointing into the stack for thread: 0x0000026ee90ab800
RSI=0x0000000000000000 is an unknown value
RDI=0x0000026eef718050 is an unknown value
R8 =0x0000000000002a00 is an unknown value
R9 =0x000000fc333fb128 is pointing into the stack for thread: 0x0000026ee90ab800
R10=0x00000000560e0000 is an unknown value
R11=0x000000fc333fb5f0 is pointing into the stack for thread: 0x0000026ee90ab800
R12=0x0000000000000004 is an unknown value
R13=0x000000fc333fb5f0 is pointing into the stack for thread: 0x0000026ee90ab800
R14=0x00000000560e0000 is an unknown value
R15=0x0000026eec6e7d80 is an unknown value


Stack: [0x000000fc33300000,0x000000fc33400000],  sp=0x000000fc333fb040,  free space=1004k
Native frames: (J=compiled Java code, j=interpreted, Vv=VM code, C=native code)
V  [jvm.dll+0x47eaf5]
V  [jvm.dll+0x447e12]
V  [jvm.dll+0x450c25]
V  [jvm.dll+0x44ffe5]
V  [jvm.dll+0x43aef7]
V  [jvm.dll+0xbc3eb]
V  [jvm.dll+0xbaa4b]
V  [jvm.dll+0x24e7c2]
V  [jvm.dll+0x2a2dcc]
C  [ucrtbase.dll+0x21bb2]
C  [KERNEL32.DLL+0x17034]
C  [ntdll.dll+0x52651]


Current CompileTask:
C2:   3904 2924       4       groovy.lang.MetaClassImpl$1MOPIter::methodNameAction (325 bytes)


---------------  P R O C E S S  ---------------

Java Threads: ( => current thread )
  0x0000026eeb0ea800 JavaThread "Cache worker for file content cache (C:\Users\MrNav\.gradle\caches\6.5.1\fileContent)" [_thread_blocked, id=12796, stack(0x000000fc35e00000,0x000000fc35f00000)]
  0x0000026eeb0ed800 JavaThread "Cache worker for execution history cache (C:\Users\MrNav\.gradle\caches\6.5.1\executionHistory)" [_thread_blocked, id=2416, stack(0x000000fc35d00000,0x000000fc35e00000)]
  0x0000026eeb0e9800 JavaThread "Cache worker for cache directory md-rule (C:\Users\MrNav\.gradle\caches\6.5.1\md-rule)" [_thread_blocked, id=5332, stack(0x000000fc35c00000,0x000000fc35d00000)]
  0x0000026eeb0e3800 JavaThread "Cache worker for cache directory md-supplier (C:\Users\MrNav\.gradle\caches\6.5.1\md-supplier)" [_thread_blocked, id=4600, stack(0x000000fc35b00000,0x000000fc35c00000)]
  0x0000026eeb0e2000 JavaThread "Cache worker for checksums cache (D:\Media\Documents\Minecraft Modding\IntelliJ\invsync\.gradle\checksums)" [_thread_blocked, id=1440, stack(0x000000fc35a00000,0x000000fc35b00000)]
  0x0000026eeb0e8000 JavaThread "jar transforms Thread 18" [_thread_blocked, id=14136, stack(0x000000fc35900000,0x000000fc35a00000)]
  0x0000026eeb0e4800 JavaThread "jar transforms Thread 17" [_thread_blocked, id=6840, stack(0x000000fc35800000,0x000000fc35900000)]
  0x0000026eeb0e7800 JavaThread "jar transforms Thread 16" [_thread_blocked, id=4872, stack(0x000000fc35700000,0x000000fc35800000)]
  0x0000026eeb0e3000 JavaThread "jar transforms Thread 15" [_thread_blocked, id=5188, stack(0x000000fc35600000,0x000000fc35700000)]
  0x0000026eeb0e0800 JavaThread "jar transforms Thread 14" [_thread_blocked, id=12012, stack(0x000000fc35500000,0x000000fc35600000)]
  0x0000026eeb0e0000 JavaThread "jar transforms Thread 13" [_thread_blocked, id=7396, stack(0x000000fc35400000,0x000000fc35500000)]
  0x0000026eeb0e6800 JavaThread "jar transforms Thread 12" [_thread_blocked, id=6280, stack(0x000000fc35300000,0x000000fc35400000)]
  0x0000026eeb0e6000 JavaThread "jar transforms Thread 11" [_thread_blocked, id=12032, stack(0x000000fc35200000,0x000000fc35300000)]
  0x0000026eeb0e1800 JavaThread "jar transforms Thread 10" [_thread_blocked, id=6384, stack(0x000000fc35100000,0x000000fc35200000)]
  0x0000026eeb0de800 JavaThread "jar transforms Thread 9" [_thread_blocked, id=11588, stack(0x000000fc35000000,0x000000fc35100000)]
  0x0000026eeb0e5000 JavaThread "jar transforms Thread 8" [_thread_blocked, id=376, stack(0x000000fc34f00000,0x000000fc35000000)]
  0x0000026eeb0df000 JavaThread "jar transforms Thread 7" [_thread_blocked, id=10824, stack(0x000000fc34e00000,0x000000fc34f00000)]
  0x0000026eeba22800 JavaThread "jar transforms Thread 6" [_thread_blocked, id=3456, stack(0x000000fc34d00000,0x000000fc34e00000)]
  0x0000026eeba1f800 JavaThread "jar transforms Thread 5" [_thread_blocked, id=10748, stack(0x000000fc34c00000,0x000000fc34d00000)]
  0x0000026eeba1e800 JavaThread "jar transforms Thread 4" [_thread_blocked, id=10360, stack(0x000000fc34b00000,0x000000fc34c00000)]
  0x0000026eeba24800 JavaThread "jar transforms Thread 3" [_thread_blocked, id=10716, stack(0x000000fc34a00000,0x000000fc34b00000)]
  0x0000026eeba20000 JavaThread "jar transforms Thread 2" [_thread_blocked, id=7924, stack(0x000000fc34900000,0x000000fc34a00000)]
  0x0000026eeba23000 JavaThread "jar transforms" [_thread_blocked, id=12744, stack(0x000000fc34800000,0x000000fc34900000)]
  0x0000026eeba24000 JavaThread "Cache worker for file hash cache (D:\Media\Documents\Minecraft Modding\IntelliJ\invsync\.gradle\6.5.1\fileHashes)" [_thread_blocked, id=4204, stack(0x000000fc34700000,0x000000fc34800000)]
  0x0000026eeba21000 JavaThread "Cache worker for file hash cache (C:\Users\MrNav\.gradle\caches\6.5.1\fileHashes)" [_thread_blocked, id=4672, stack(0x000000fc34600000,0x000000fc34700000)]
  0x0000026eeba25800 JavaThread "File lock request listener" [_thread_in_native, id=10068, stack(0x000000fc34500000,0x000000fc34600000)]
  0x0000026eeba21800 JavaThread "Cache worker for journal cache (C:\Users\MrNav\.gradle\caches\journal-1)" [_thread_blocked, id=1516, stack(0x000000fc34400000,0x000000fc34500000)]
  0x0000026eeb966800 JavaThread "Thread-9" [_thread_blocked, id=3380, stack(0x000000fc34300000,0x000000fc34400000)]
  0x0000026eeb959800 JavaThread "Stdin handler" [_thread_blocked, id=3692, stack(0x000000fc34200000,0x000000fc34300000)]
  0x0000026eeb956000 JavaThread "Asynchronous log dispatcher for DefaultDaemonConnection: socket connection from /127.0.0.1:51525 to /127.0.0.1:51526" [_thread_blocked, id=11040, stack(0x000000fc34100000,0x000000fc34200000)]
  0x0000026eeb96f000 JavaThread "Daemon worker" [_thread_in_Java, id=12336, stack(0x000000fc34000000,0x000000fc34100000)]
  0x0000026eeb95d800 JavaThread "Cancel handler" [_thread_blocked, id=12688, stack(0x000000fc33f00000,0x000000fc34000000)]
  0x0000026eeb93c000 JavaThread "Handler for socket connection from /127.0.0.1:51525 to /127.0.0.1:51526" [_thread_in_native, id=7368, stack(0x000000fc33e00000,0x000000fc33f00000)]
  0x0000026eeb93b000 JavaThread "Daemon" [_thread_blocked, id=13784, stack(0x000000fc33d00000,0x000000fc33e00000)]
  0x0000026eeb8b9000 JavaThread "Daemon periodic checks" [_thread_blocked, id=1060, stack(0x000000fc33c00000,0x000000fc33d00000)]
  0x0000026eeb8b2000 JavaThread "Incoming local TCP Connector on port 51525" [_thread_in_native, id=1956, stack(0x000000fc33b00000,0x000000fc33c00000)]
  0x0000026eeb7a7000 JavaThread "Daemon health stats" [_thread_blocked, id=6616, stack(0x000000fc33800000,0x000000fc33900000)]
  0x0000026ee913c000 JavaThread "Service Thread" daemon [_thread_blocked, id=8248, stack(0x000000fc33600000,0x000000fc33700000)]
  0x0000026ee90b7000 JavaThread "C1 CompilerThread2" daemon [_thread_blocked, id=8260, stack(0x000000fc33500000,0x000000fc33600000)]
  0x0000026ee90b0800 JavaThread "C2 CompilerThread1" daemon [_thread_blocked, id=11788, stack(0x000000fc33400000,0x000000fc33500000)]
=>0x0000026ee90ab800 JavaThread "C2 CompilerThread0" daemon [_thread_in_native, id=1648, stack(0x000000fc33300000,0x000000fc33400000)]
  0x0000026ee90a8800 JavaThread "Attach Listener" daemon [_thread_blocked, id=5652, stack(0x000000fc33200000,0x000000fc33300000)]
  0x0000026ee90a7000 JavaThread "Signal Dispatcher" daemon [_thread_blocked, id=3584, stack(0x000000fc33100000,0x000000fc33200000)]
  0x0000026ee895c800 JavaThread "Finalizer" daemon [_thread_blocked, id=3216, stack(0x000000fc33000000,0x000000fc33100000)]
  0x0000026ee9086000 JavaThread "Reference Handler" daemon [_thread_blocked, id=3392, stack(0x000000fc32f00000,0x000000fc33000000)]
  0x0000026ed4e91800 JavaThread "main" [_thread_blocked, id=12720, stack(0x000000fc32900000,0x000000fc32a00000)]

Other Threads:
  0x0000026ee9063000 VMThread [stack: 0x000000fc32e00000,0x000000fc32f00000] [id=10340]
  0x0000026ee9156000 WatcherThread [stack: 0x000000fc33700000,0x000000fc33800000] [id=13072]

VM state:not at safepoint (normal execution)

VM Mutex/Monitor currently owned by a thread: None

heap address: 0x00000000c0000000, size: 1024 MB, Compressed Oops mode: 32-bit
Narrow klass base: 0x0000000000000000, Narrow klass shift: 3
Compressed class space size: 1073741824 Address: 0x0000000100000000

Heap:
 PSYoungGen      total 255488K, used 103600K [0x00000000eab00000, 0x00000000fb500000, 0x0000000100000000)
  eden space 242688K, 42% used [0x00000000eab00000,0x00000000f102c358,0x00000000f9800000)
  from space 12800K, 0% used [0x00000000fa880000,0x00000000fa880000,0x00000000fb500000)
  to   space 14848K, 0% used [0x00000000f9800000,0x00000000f9800000,0x00000000fa680000)
 ParOldGen       total 111104K, used 14633K [0x00000000c0000000, 0x00000000c6c80000, 0x00000000eab00000)
  object space 111104K, 13% used [0x00000000c0000000,0x00000000c0e4a5f0,0x00000000c6c80000)
 Metaspace       used 39913K, capacity 41376K, committed 41472K, reserved 1085440K
  class space    used 5522K, capacity 5848K, committed 5888K, reserved 1048576K

Card table byte_map: [0x0000026ee5af0000,0x0000026ee5d00000] byte_map_base: 0x0000026ee54f0000

Marking Bits: (ParMarkBitMap*) 0x00000000568d7fe0
 Begin Bits: [0x0000026ee5e60000, 0x0000026ee6e60000)
 End Bits:   [0x0000026ee6e60000, 0x0000026ee7e60000)

Polling page: 0x0000026ed4e00000

CodeCache: size=245760Kb used=12947Kb max_used=12958Kb free=232812Kb
 bounds [0x0000026ed6730000, 0x0000026ed73e0000, 0x0000026ee5730000]
 total_blobs=4142 nmethods=3420 adapters=634
 compilation: enabled

Compilation events (10 events):
Event: 3.879 Thread 0x0000026ee90b0800 nmethod 3404 0x0000026ed73d6b90 code [0x0000026ed73d6ce0, 0x0000026ed73d7338]
Event: 3.879 Thread 0x0000026ee90b0800 3403       4       java.lang.AbstractStringBuilder::append (62 bytes)
Event: 3.880 Thread 0x0000026ee90b7000 3415       3       groovyjarjarasm.asm.Frame::<init> (10 bytes)
Event: 3.881 Thread 0x0000026ee90b7000 nmethod 3415 0x0000026ed73cb890 code [0x0000026ed73cb9e0, 0x0000026ed73cbbb8]
Event: 3.881 Thread 0x0000026ee90b7000 3416       3       groovyjarjarasm.asm.Frame::pop (42 bytes)
Event: 3.881 Thread 0x0000026ee90b7000 nmethod 3416 0x0000026ed73d6750 code [0x0000026ed73d68c0, 0x0000026ed73d6ab8]
Event: 3.884 Thread 0x0000026ee90b7000 3417       1       java.util.Collections$SingletonList::size (2 bytes)
Event: 3.885 Thread 0x0000026ee90b7000 nmethod 3417 0x0000026ed73d6490 code [0x0000026ed73d65e0, 0x0000026ed73d66f8]
Event: 3.886 Thread 0x0000026ee90b7000 3418       3       java.util.ArrayList::contains (14 bytes)
Event: 3.886 Thread 0x0000026ee90b7000 nmethod 3418 0x0000026ed73d6090 code [0x0000026ed73d6200, 0x0000026ed73d63f0]

GC Heap History (10 events):
Event: 2.049 GC heap before
{Heap before GC invocations=4 (full 0):
 PSYoungGen      total 76288K, used 12736K [0x00000000eab00000, 0x00000000f4000000, 0x0000000100000000)
  eden space 65536K, 3% used [0x00000000eab00000,0x00000000eacf3690,0x00000000eeb00000)
  from space 10752K, 99% used [0x00000000eeb00000,0x00000000ef57cbe0,0x00000000ef580000)
  to   space 10752K, 0% used [0x00000000f3580000,0x00000000f3580000,0x00000000f4000000)
 ParOldGen       total 175104K, used 941K [0x00000000c0000000, 0x00000000cab00000, 0x00000000eab00000)
  object space 175104K, 0% used [0x00000000c0000000,0x00000000c00eb428,0x00000000cab00000)
 Metaspace       used 20471K, capacity 21158K, committed 21296K, reserved 1067008K
  class space    used 2925K, capacity 3123K, committed 3200K, reserved 1048576K
Event: 2.054 GC heap after
Heap after GC invocations=4 (full 0):
 PSYoungGen      total 141824K, used 6896K [0x00000000eab00000, 0x00000000f4000000, 0x0000000100000000)
  eden space 131072K, 0% used [0x00000000eab00000,0x00000000eab00000,0x00000000f2b00000)
  from space 10752K, 64% used [0x00000000f3580000,0x00000000f3c3c040,0x00000000f4000000)
  to   space 10752K, 0% used [0x00000000f2b00000,0x00000000f2b00000,0x00000000f3580000)
 ParOldGen       total 175104K, used 949K [0x00000000c0000000, 0x00000000cab00000, 0x00000000eab00000)
  object space 175104K, 0% used [0x00000000c0000000,0x00000000c00ed428,0x00000000cab00000)
 Metaspace       used 20471K, capacity 21158K, committed 21296K, reserved 1067008K
  class space    used 2925K, capacity 3123K, committed 3200K, reserved 1048576K
}
Event: 2.054 GC heap before
{Heap before GC invocations=5 (full 1):
 PSYoungGen      total 141824K, used 6896K [0x00000000eab00000, 0x00000000f4000000, 0x0000000100000000)
  eden space 131072K, 0% used [0x00000000eab00000,0x00000000eab00000,0x00000000f2b00000)
  from space 10752K, 64% used [0x00000000f3580000,0x00000000f3c3c040,0x00000000f4000000)
  to   space 10752K, 0% used [0x00000000f2b00000,0x00000000f2b00000,0x00000000f3580000)
 ParOldGen       total 175104K, used 949K [0x00000000c0000000, 0x00000000cab00000, 0x00000000eab00000)
  object space 175104K, 0% used [0x00000000c0000000,0x00000000c00ed428,0x00000000cab00000)
 Metaspace       used 20471K, capacity 21158K, committed 21296K, reserved 1067008K
  class space    used 2925K, capacity 3123K, committed 3200K, reserved 1048576K
Event: 2.078 GC heap after
Heap after GC invocations=5 (full 1):
 PSYoungGen      total 141824K, used 0K [0x00000000eab00000, 0x00000000f4000000, 0x0000000100000000)
  eden space 131072K, 0% used [0x00000000eab00000,0x00000000eab00000,0x00000000f2b00000)
  from space 10752K, 0% used [0x00000000f3580000,0x00000000f3580000,0x00000000f4000000)
  to   space 10752K, 0% used [0x00000000f2b00000,0x00000000f2b00000,0x00000000f3580000)
 ParOldGen       total 80896K, used 6780K [0x00000000c0000000, 0x00000000c4f00000, 0x00000000eab00000)
  object space 80896K, 8% used [0x00000000c0000000,0x00000000c069f0a8,0x00000000c4f00000)
 Metaspace       used 20471K, capacity 21158K, committed 21296K, reserved 1067008K
  class space    used 2925K, capacity 3123K, committed 3200K, reserved 1048576K
}
Event: 3.028 GC heap before
{Heap before GC invocations=6 (full 1):
 PSYoungGen      total 141824K, used 131072K [0x00000000eab00000, 0x00000000f4000000, 0x0000000100000000)
  eden space 131072K, 100% used [0x00000000eab00000,0x00000000f2b00000,0x00000000f2b00000)
  from space 10752K, 0% used [0x00000000f3580000,0x00000000f3580000,0x00000000f4000000)
  to   space 10752K, 0% used [0x00000000f2b00000,0x00000000f2b00000,0x00000000f3580000)
 ParOldGen       total 80896K, used 6780K [0x00000000c0000000, 0x00000000c4f00000, 0x00000000eab00000)
  object space 80896K, 8% used [0x00000000c0000000,0x00000000c069f0a8,0x00000000c4f00000)
 Metaspace       used 32809K, capacity 33870K, committed 34048K, reserved 1079296K
  class space    used 4532K, capacity 4784K, committed 4864K, reserved 1048576K
Event: 3.038 GC heap after
Heap after GC invocations=6 (full 1):
 PSYoungGen      total 141824K, used 10727K [0x00000000eab00000, 0x00000000fb780000, 0x0000000100000000)
  eden space 131072K, 0% used [0x00000000eab00000,0x00000000eab00000,0x00000000f2b00000)
  from space 10752K, 99% used [0x00000000f2b00000,0x00000000f3579f20,0x00000000f3580000)
  to   space 15360K, 0% used [0x00000000fa880000,0x00000000fa880000,0x00000000fb780000)
 ParOldGen       total 80896K, used 8968K [0x00000000c0000000, 0x00000000c4f00000, 0x00000000eab00000)
  object space 80896K, 11% used [0x00000000c0000000,0x00000000c08c23f0,0x00000000c4f00000)
 Metaspace       used 32809K, capacity 33870K, committed 34048K, reserved 1079296K
  class space    used 4532K, capacity 4784K, committed 4864K, reserved 1048576K
}
Event: 3.254 GC heap before
{Heap before GC invocations=7 (full 1):
 PSYoungGen      total 141824K, used 47196K [0x00000000eab00000, 0x00000000fb780000, 0x0000000100000000)
  eden space 131072K, 27% used [0x00000000eab00000,0x00000000ece9d138,0x00000000f2b00000)
  from space 10752K, 99% used [0x00000000f2b00000,0x00000000f3579f20,0x00000000f3580000)
  to   space 15360K, 0% used [0x00000000fa880000,0x00000000fa880000,0x00000000fb780000)
 ParOldGen       total 80896K, used 8968K [0x00000000c0000000, 0x00000000c4f00000, 0x00000000eab00000)
  object space 80896K, 11% used [0x00000000c0000000,0x00000000c08c23f0,0x00000000c4f00000)
 Metaspace       used 34231K, capacity 35370K, committed 35496K, reserved 1079296K
  class space    used 4729K, capacity 5007K, committed 5120K, reserved 1048576K
Event: 3.263 GC heap after
Heap after GC invocations=7 (full 1):
 PSYoungGen      total 255488K, used 8129K [0x00000000eab00000, 0x00000000fb500000, 0x0000000100000000)
  eden space 242688K, 0% used [0x00000000eab00000,0x00000000eab00000,0x00000000f9800000)
  from space 12800K, 63% used [0x00000000fa880000,0x00000000fb070528,0x00000000fb500000)
  to   space 14848K, 0% used [0x00000000f9800000,0x00000000f9800000,0x00000000fa680000)
 ParOldGen       total 80896K, used 8976K [0x00000000c0000000, 0x00000000c4f00000, 0x00000000eab00000)
  object space 80896K, 11% used [0x00000000c0000000,0x00000000c08c43f0,0x00000000c4f00000)
 Metaspace       used 34231K, capacity 35370K, committed 35496K, reserved 1079296K
  class space    used 4729K, capacity 5007K, committed 5120K, reserved 1048576K
}
Event: 3.263 GC heap before
{Heap before GC invocations=8 (full 2):
 PSYoungGen      total 255488K, used 8129K [0x00000000eab00000, 0x00000000fb500000, 0x0000000100000000)
  eden space 242688K, 0% used [0x00000000eab00000,0x00000000eab00000,0x00000000f9800000)
  from space 12800K, 63% used [0x00000000fa880000,0x00000000fb070528,0x00000000fb500000)
  to   space 14848K, 0% used [0x00000000f9800000,0x00000000f9800000,0x00000000fa680000)
 ParOldGen       total 80896K, used 8976K [0x00000000c0000000, 0x00000000c4f00000, 0x00000000eab00000)
  object space 80896K, 11% used [0x00000000c0000000,0x00000000c08c43f0,0x00000000c4f00000)
 Metaspace       used 34231K, capacity 35370K, committed 35496K, reserved 1079296K
  class space    used 4729K, capacity 5007K, committed 5120K, reserved 1048576K
Event: 3.312 GC heap after
Heap after GC invocations=8 (full 2):
 PSYoungGen      total 255488K, used 0K [0x00000000eab00000, 0x00000000fb500000, 0x0000000100000000)
  eden space 242688K, 0% used [0x00000000eab00000,0x00000000eab00000,0x00000000f9800000)
  from space 12800K, 0% used [0x00000000fa880000,0x00000000fa880000,0x00000000fb500000)
  to   space 14848K, 0% used [0x00000000f9800000,0x00000000f9800000,0x00000000fa680000)
 ParOldGen       total 111104K, used 14633K [0x00000000c0000000, 0x00000000c6c80000, 0x00000000eab00000)
  object space 111104K, 13% used [0x00000000c0000000,0x00000000c0e4a5f0,0x00000000c6c80000)
 Metaspace       used 34231K, capacity 35370K, committed 35496K, reserved 1079296K
  class space    used 4729K, capacity 5007K, committed 5120K, reserved 1048576K
}

Deoptimization events (10 events):
Event: 3.549 Thread 0x0000026eeb96f000 Uncommon trap: reason=unstable_if action=reinterpret pc=0x0000026ed6d245bc method=java.util.HashMap.getNode(ILjava/lang/Object;)Ljava/util/HashMap$Node; @ 53
Event: 3.574 Thread 0x0000026eeb96f000 Uncommon trap: reason=bimorphic action=maybe_recompile pc=0x0000026ed70c48ec method=java.util.AbstractCollection.addAll(Ljava/util/Collection;)Z @ 29
Event: 3.596 Thread 0x0000026eeb96f000 Uncommon trap: reason=unstable_if action=reinterpret pc=0x0000026ed6eadc48 method=org.objectweb.asm.ByteVector.putShort(I)Lorg/objectweb/asm/ByteVector; @ 13
Event: 3.597 Thread 0x0000026eeb96f000 Uncommon trap: reason=unstable_if action=reinterpret pc=0x0000026ed6defb90 method=java.net.URLStreamHandler.sameFile(Ljava/net/URL;Ljava/net/URL;)Z @ 63
Event: 3.631 Thread 0x0000026eeb96f000 Uncommon trap: reason=unstable_if action=reinterpret pc=0x0000026ed6f17cec method=java.util.WeakHashMap.put(Ljava/lang/Object;Ljava/lang/Object;)Ljava/lang/Object; @ 59
Event: 3.642 Thread 0x0000026eeb96f000 Uncommon trap: reason=unstable_if action=reinterpret pc=0x0000026ed70b4f3c method=org.gradle.internal.reflect.PropertyAccessorType.isGetGetterName(Ljava/lang/String;)Z @ 14
Event: 3.766 Thread 0x0000026eeb96f000 Uncommon trap: reason=unstable_if action=reinterpret pc=0x0000026ed6eea7b8 method=java.io.BufferedInputStream.read([BII)I @ 56
Event: 3.778 Thread 0x0000026eeb96f000 Uncommon trap: reason=unstable_if action=reinterpret pc=0x0000026ed6a180e4 method=sun.misc.MetaIndex.mayContain(Ljava/lang/String;)Z @ 38
Event: 3.871 Thread 0x0000026eeb96f000 Uncommon trap: reason=unstable_if action=reinterpret pc=0x0000026ed6f867b8 method=java.lang.ClassValue.match(Ljava/lang/ClassValue$Entry;)Z @ 12
Event: 3.878 Thread 0x0000026eeb96f000 Uncommon trap: reason=predicate action=maybe_recompile pc=0x0000026ed6cfd99c method=com.google.common.base.CharMatcher.indexIn(Ljava/lang/CharSequence;I)I @ 22

Classes redefined (0 events):
No events

Internal exceptions (10 events):
Event: 3.631 Thread 0x0000026eeb96f000 Exception <a 'java/lang/ClassNotFoundException': java/util/CollectionBeanInfo> (0x00000000eef54080) thrown at [C:\jenkins\workspace\8-2-build-windows-amd64-cygwin\jdk8u271\605\hotspot\src\share\vm\classfile\systemDictionary.cpp, line 212]
Event: 3.631 Thread 0x0000026eeb96f000 Exception <a 'java/lang/ClassNotFoundException': java/util/CollectionCustomizer> (0x00000000eef5e228) thrown at [C:\jenkins\workspace\8-2-build-windows-amd64-cygwin\jdk8u271\605\hotspot\src\share\vm\classfile\systemDictionary.cpp, line 212]
Event: 3.872 Thread 0x0000026eeb96f000 Exception <a 'java/lang/ClassNotFoundException': build_bjplyfeshiwdxz7n1bjp7kpxmBeanInfo> (0x00000000f0707070) thrown at [C:\jenkins\workspace\8-2-build-windows-amd64-cygwin\jdk8u271\605\hotspot\src\share\vm\classfile\systemDictionary.cpp, line 212]
Event: 3.872 Thread 0x0000026eeb96f000 Exception <a 'java/lang/ClassNotFoundException': org/gradle/api/internal/project/ProjectScriptBeanInfo> (0x00000000f0720540) thrown at [C:\jenkins\workspace\8-2-build-windows-amd64-cygwin\jdk8u271\605\hotspot\src\share\vm\classfile\systemDictionary.cpp, l
Event: 3.872 Thread 0x0000026eeb96f000 Exception <a 'java/lang/ClassNotFoundException': org/gradle/api/internal/project/ProjectScriptCustomizer> (0x00000000f073a028) thrown at [C:\jenkins\workspace\8-2-build-windows-amd64-cygwin\jdk8u271\605\hotspot\src\share\vm\classfile\systemDictionary.cpp,
Event: 3.873 Thread 0x0000026eeb96f000 Exception <a 'java/lang/ClassNotFoundException': build_bjplyfeshiwdxz7n1bjp7kpxmCustomizer> (0x00000000f075a7a8) thrown at [C:\jenkins\workspace\8-2-build-windows-amd64-cygwin\jdk8u271\605\hotspot\src\share\vm\classfile\systemDictionary.cpp, line 212]
Event: 3.877 Thread 0x0000026eeb96f000 Exception <a 'java/lang/ClassNotFoundException': org/gradle/plugin/use/internal/PluginRequestCollector$PluginDependenciesSpecImplBeanInfo> (0x00000000f07f8180) thrown at [C:\jenkins\workspace\8-2-build-windows-amd64-cygwin\jdk8u271\605\hotspot\src\share\v
Event: 3.877 Thread 0x0000026eeb96f000 Exception <a 'java/lang/ClassNotFoundException': org/gradle/plugin/use/internal/PluginRequestCollector$PluginDependenciesSpecImplCustomizer> (0x00000000f08380c0) thrown at [C:\jenkins\workspace\8-2-build-windows-amd64-cygwin\jdk8u271\605\hotspot\src\share
Event: 3.879 Thread 0x0000026eeb96f000 Exception <a 'java/lang/ClassNotFoundException': org/gradle/plugin/use/internal/PluginRequestCollector$PluginDependencySpecImplBeanInfo> (0x00000000f08a8b30) thrown at [C:\jenkins\workspace\8-2-build-windows-amd64-cygwin\jdk8u271\605\hotspot\src\share\vm\
Event: 3.880 Thread 0x0000026eeb96f000 Exception <a 'java/lang/ClassNotFoundException': org/gradle/plugin/use/internal/PluginRequestCollector$PluginDependencySpecImplCustomizer> (0x00000000f08e89a0) thrown at [C:\jenkins\workspace\8-2-build-windows-amd64-cygwin\jdk8u271\605\hotspot\src\share\v

Events (10 events):
Event: 3.888 loading class org/gradle/api/artifacts/DependencyArtifact
Event: 3.888 loading class org/gradle/api/artifacts/DependencyArtifact done
Event: 3.888 loading class org/gradle/api/internal/artifacts/dependencies/ModuleDependencyCapabilitiesInternal
Event: 3.888 loading class org/gradle/api/internal/artifacts/dependencies/ModuleDependencyCapabilitiesInternal done
Event: 3.889 loading class org/gradle/api/internal/artifacts/DefaultExcludeRuleContainer
Event: 3.889 loading class org/gradle/api/internal/artifacts/DefaultExcludeRuleContainer done
Event: 3.889 loading class org/gradle/api/artifacts/ExcludeRuleContainer
Event: 3.889 loading class org/gradle/api/artifacts/ExcludeRuleContainer done
Event: 3.889 loading class org/gradle/api/internal/artifacts/dependencies/DefaultMutableVersionConstraint
Event: 3.889 loading class org/gradle/api/internal/artifacts/dependencies/DefaultMutableVersionConstraint done


Dynamic libraries:
0x00007ff614170000 - 0x00007ff6141b7000 	C:\Program Files\Java\jdk1.8.0_271\bin\java.exe
0x00007ffee5ef0000 - 0x00007ffee60e5000 	C:\WINDOWS\SYSTEM32\ntdll.dll
0x00007ffee40f0000 - 0x00007ffee41ad000 	C:\WINDOWS\System32\KERNEL32.DLL
0x00007ffee3b20000 - 0x00007ffee3de9000 	C:\WINDOWS\System32\KERNELBASE.dll
0x00007ffee5470000 - 0x00007ffee551c000 	C:\WINDOWS\System32\ADVAPI32.dll
0x00007ffee53a0000 - 0x00007ffee543e000 	C:\WINDOWS\System32\msvcrt.dll
0x00007ffee42f0000 - 0x00007ffee438c000 	C:\WINDOWS\System32\sechost.dll
0x00007ffee5190000 - 0x00007ffee52bb000 	C:\WINDOWS\System32\RPCRT4.dll
0x00007ffee3f50000 - 0x00007ffee40f0000 	C:\WINDOWS\System32\USER32.dll
0x00007ffee3a40000 - 0x00007ffee3a62000 	C:\WINDOWS\System32\win32u.dll
0x00007ffee44c0000 - 0x00007ffee44ea000 	C:\WINDOWS\System32\GDI32.dll
0x00007ffee3df0000 - 0x00007ffee3efb000 	C:\WINDOWS\System32\gdi32full.dll
0x00007ffee3630000 - 0x00007ffee36cd000 	C:\WINDOWS\System32\msvcp_win.dll
0x00007ffee3940000 - 0x00007ffee3a40000 	C:\WINDOWS\System32\ucrtbase.dll
0x00007ffed5ad0000 - 0x00007ffed5d6a000 	C:\WINDOWS\WinSxS\amd64_microsoft.windows.common-controls_6595b64144ccf1df_6.0.19041.844_none_ca00b6081b84eb1d\COMCTL32.dll
0x00007ffee5440000 - 0x00007ffee5470000 	C:\WINDOWS\System32\IMM32.DLL
0x00007ffec9ac0000 - 0x00007ffec9ad5000 	C:\Program Files\Java\jdk1.8.0_271\jre\bin\vcruntime140.dll
0x00007ffeb3640000 - 0x00007ffeb36db000 	C:\Program Files\Java\jdk1.8.0_271\jre\bin\msvcp140.dll
0x00000000560e0000 - 0x000000005694f000 	C:\Program Files\Java\jdk1.8.0_271\jre\bin\server\jvm.dll
0x00007ffee5180000 - 0x00007ffee5188000 	C:\WINDOWS\System32\PSAPI.DLL
0x00007ffec6560000 - 0x00007ffec6569000 	C:\WINDOWS\SYSTEM32\WSOCK32.dll
0x00007ffedb3d0000 - 0x00007ffedb3da000 	C:\WINDOWS\SYSTEM32\VERSION.dll
0x00007ffeda760000 - 0x00007ffeda787000 	C:\WINDOWS\SYSTEM32\WINMM.dll
0x00007ffee5520000 - 0x00007ffee558b000 	C:\WINDOWS\System32\WS2_32.dll
0x00007ffee1ef0000 - 0x00007ffee1f02000 	C:\WINDOWS\SYSTEM32\kernel.appcore.dll
0x00007ffecfb00000 - 0x00007ffecfb10000 	C:\Program Files\Java\jdk1.8.0_271\jre\bin\verify.dll
0x00007ffebf6d0000 - 0x00007ffebf6fb000 	C:\Program Files\Java\jdk1.8.0_271\jre\bin\java.dll
0x00007ffec7c40000 - 0x00007ffec7c58000 	C:\Program Files\Java\jdk1.8.0_271\jre\bin\zip.dll
0x00007ffee4960000 - 0x00007ffee50a2000 	C:\WINDOWS\System32\SHELL32.dll
0x00007ffee1730000 - 0x00007ffee1ec0000 	C:\WINDOWS\SYSTEM32\windows.storage.dll
0x00007ffee5670000 - 0x00007ffee59c5000 	C:\WINDOWS\System32\combase.dll
0x00007ffee2fd0000 - 0x00007ffee2ffc000 	C:\WINDOWS\SYSTEM32\Wldp.dll
0x00007ffee5cd0000 - 0x00007ffee5d7e000 	C:\WINDOWS\System32\SHCORE.dll
0x00007ffee59d0000 - 0x00007ffee5a25000 	C:\WINDOWS\System32\shlwapi.dll
0x00007ffee3570000 - 0x00007ffee358f000 	C:\WINDOWS\SYSTEM32\profapi.dll
0x00007ffec6020000 - 0x00007ffec603c000 	C:\Program Files\Java\jdk1.8.0_271\jre\bin\net.dll
0x00007ffee2dc0000 - 0x00007ffee2e2a000 	C:\WINDOWS\system32\mswsock.dll
0x00007ffec52c0000 - 0x00007ffec52d3000 	C:\Program Files\Java\jdk1.8.0_271\jre\bin\nio.dll
0x00007ffec4e80000 - 0x00007ffec4ea7000 	C:\Users\MrNav\.gradle\native\f6784746aeab05261644944871eae4fe03e0ef1612fff0a4a95f87b438bc6780\windows-amd64\native-platform.dll
0x00007ffeca540000 - 0x00007ffeca54d000 	C:\Program Files\Java\jdk1.8.0_271\jre\bin\management.dll
0x00007ffee3010000 - 0x00007ffee3028000 	C:\WINDOWS\SYSTEM32\CRYPTSP.dll
0x00007ffee2710000 - 0x00007ffee2744000 	C:\WINDOWS\system32\rsaenh.dll
0x00007ffee3af0000 - 0x00007ffee3b17000 	C:\WINDOWS\System32\bcrypt.dll
0x00007ffee34f0000 - 0x00007ffee351e000 	C:\WINDOWS\SYSTEM32\USERENV.dll
0x00007ffee3a70000 - 0x00007ffee3af0000 	C:\WINDOWS\System32\bcryptprimitives.dll
0x00007ffee2f40000 - 0x00007ffee2f4c000 	C:\WINDOWS\SYSTEM32\CRYPTBASE.dll
0x00007ffee2a80000 - 0x00007ffee2abb000 	C:\WINDOWS\SYSTEM32\IPHLPAPI.DLL
0x00007ffee4280000 - 0x00007ffee4288000 	C:\WINDOWS\System32\NSI.dll
0x00007ffedd310000 - 0x00007ffedd327000 	C:\WINDOWS\SYSTEM32\dhcpcsvc6.DLL
0x00007ffedd2f0000 - 0x00007ffedd30d000 	C:\WINDOWS\SYSTEM32\dhcpcsvc.DLL
0x00007ffee2ad0000 - 0x00007ffee2b9b000 	C:\WINDOWS\SYSTEM32\DNSAPI.dll
0x00007ffedd4c0000 - 0x00007ffedd4cb000 	C:\WINDOWS\SYSTEM32\WINNSI.DLL
0x00007ffeda790000 - 0x00007ffeda974000 	C:\WINDOWS\SYSTEM32\dbghelp.dll

VM Arguments:
jvm_args: -Xmx1G -Dfile.encoding=windows-1252 -Duser.country=CA -Duser.language=en -Duser.variant 
java_command: org.gradle.launcher.daemon.bootstrap.GradleDaemon 6.5.1
java_class_path (initial): C:\Users\MrNav\.gradle\wrapper\dists\gradle-6.5.1-bin\1m5048aptkfynhbvolwgr4ej9\gradle-6.5.1\lib\gradle-launcher-6.5.1.jar
Launcher Type: SUN_STANDARD

Environment Variables:
PATH=C:\Program Files\Oculus\Support\oculus-runtime;C:\Program Files (x86)\Common Files\Oracle\Java\javapath;C:\Program Files (x86)\Common Files\Intel\Shared Libraries\redist\intel64\compiler;C:\WINDOWS\system32;C:\WINDOWS;C:\WINDOWS\System32\Wbem;C:\WINDOWS\System32\WindowsPowerShell\v1.0\;C:\WINDOWS\System32\OpenSSH\;C:\Program Files (x86)\QuickTime\QTSystem\;C:\Program Files\Microsoft SQL Server\120\Tools\Binn\;C:\Program Files\Git\cmd;C:\Users\MrNav\AppData\Local\Microsoft\WindowsApps;C:\Users\MrNav\AppData\Local\GitHubDesktop\bin;C:\Users\MrNav\AppData\Local\Microsoft\WindowsApps
USERNAME=MrNav
OS=Windows_NT
PROCESSOR_IDENTIFIER=Intel64 Family 6 Model 60 Stepping 3, GenuineIntel



---------------  S Y S T E M  ---------------

OS: Windows 10.0 , 64 bit Build 19041 (10.0.19041.804)

CPU:total 4 (initial active 4) (4 cores per cpu, 1 threads per core) family 6 model 60 stepping 3, cmov, cx8, fxsr, mmx, sse, sse2, sse3, ssse3, sse4.1, sse4.2, popcnt, avx, avx2, aes, clmul, erms, lzcnt, tsc, tscinvbit, bmi1, bmi2

Memory: 4k page, physical 16714192k(8430180k free), swap 26675664k(11170056k free)

vm_info: Java HotSpot(TM) 64-Bit Server VM (25.271-b09) for windows-amd64 JRE (1.8.0_271-b09), built on Sep 16 2020 19:14:59 by "" with MS VC++ 15.9 (VS2017)

time: Wed Mar 17 20:54:09 2021
timezone: Mountain Daylight Time
elapsed time: 3.908449 seconds (0d 0h 0m 3s)

