[11:56:37] [main/INFO] (FabricLoader) Loading for game Minecraft 1.16.5
[11:56:37] [main/INFO] (Fabric|Loader) [FabricLoader] Loading 43 mods: fabric-renderer-api-v1@0.3.3+a4467d2a3a, fabric-screen-handler-api-v1@1.1.0+872498413a, fabric-networking-blockentity-v0@0.2.5+b50ffc7b3a, minecraft@1.16.5, fabric-keybindings-v0@0.2.0+3fa9f7c53a, fabric-command-api-v1@1.0.9+a4467d2a3a, fabricloader@0.11.3, fabric-tool-attribute-api-v1@1.2.4+2b4623793a, fabric-structure-api-v1@1.1.0+f8ac1db23a, fabric-renderer-indigo@0.4.3+a4467d2a3a, fabric-containers-v0@0.1.8+045df74f3a, fabric-object-builder-api-v1@1.9.2+a89534ab3a, java@8, fabric-events-interaction-v0@0.4.1+f8ac1db23a, fabric-crash-report-info-v1@0.1.2+b7f9825d3a, invsync@1.0, fabric-item-api-v1@1.2.0+f8ac1db23a, fabric-game-rule-api-v1@1.0.3+a4467d2a3a, fabric-api-base@0.2.0+9f0fb4b83a, fabric-rendering-v0@1.1.1+f8ac1db23a, fabric-rendering-v1@1.3.1+f8ac1db23a, fabric-key-binding-api-v1@1.0.1+730711c63a, fabric-rendering-data-attachment-v1@0.1.4+f8ac1db23a, fabric-resource-loader-v0@0.3.1+facf3bbf3a, fabric-textures-v0@1.0.5+a4467d2a3a, fabric-content-registries-v0@0.1.9+059ea8663a, fabric-tag-extensions-v0@1.0.3+ac8e8c593a, fabric-rendering-fluids-v1@0.1.12+f8ac1db23a, fabric-biome-api-v1@3.0.0+8367596d3a, fabric-commands-v0@0.2.0+52d308363a, fabric-registry-sync-v0@0.6.1+a4467d2a3a, fabric-blockrenderlayer-v1@1.1.4+c6a8ea893a, fabric-lifecycle-events-v1@1.2.0+74cc3b203a, fabric-mining-levels-v0@0.1.2+b764ce993a, fabric-renderer-registries-v1@2.2.0+f8ac1db23a, fabric-events-lifecycle-v0@0.2.0+16acbe5b3a, fabric-loot-tables-v1@1.0.1+432ea1883a, fabric@0.25.1+build.416-1.16, fabric-models-v0@0.1.1+f8ac1db23a, fabric-particles-v1@0.2.2+fb0d9b0e3a, fabric-item-groups-v0@0.2.1+a4467d2a3a, fabric-networking-v0@0.1.10+e00ecb5f3a, fabric-object-builders-v0@0.7.1+a4467d2a3a
[11:56:37] [main/INFO] (mixin) SpongePowered MIXIN Subsystem Version=0.8.2 Source=file:/C:/Users/MrNav/.gradle/caches/modules-2/files-2.1/net.fabricmc/sponge-mixin/0.9.2+mixin.0.8.2/12c437eebf031967eaa7daad861e115932772cc7/sponge-mixin-0.9.2+mixin.0.8.2.jar Service=Knot/Fabric Env=SERVER
[11:56:37] [main/INFO] (Fabric|MixinBootstrap) Loaded Fabric development mappings for mixin remapper!
[11:56:38] [main/INFO] (mixin) Remapping refMap fabric-networking-v0-refmap.json using remapper chain
[11:56:38] [main/INFO] (mixin) Remapping refMap fabric-networking-blockentity-v0-refmap.json using remapper chain
[11:56:38] [main/INFO] (mixin) Remapping refMap fabric-screen-handler-api-v1-refmap.json using remapper chain
[11:56:38] [main/INFO] (mixin) Remapping refMap fabric-lifecycle-events-v1-refmap.json using remapper chain
[11:56:38] [main/INFO] (mixin) Remapping refMap fabric-containers-v0-refmap.json using remapper chain
[11:56:38] [main/INFO] (mixin) Remapping refMap fabric-rendering-data-attachment-v1-refmap.json using remapper chain
[11:56:38] [main/INFO] (mixin) Remapping refMap fabric-structure-api-v1-refmap.json using remapper chain
[11:56:38] [main/INFO] (mixin) Remapping refMap fabric-events-interaction-v0-refmap.json using remapper chain
[11:56:38] [main/INFO] (mixin) Remapping refMap fabric-item-api-v1-refmap.json using remapper chain
[11:56:38] [main/INFO] (mixin) Remapping refMap fabric-loot-tables-v1-refmap.json using remapper chain
[11:56:38] [main/INFO] (mixin) Remapping refMap fabric-object-builder-api-v1-refmap.json using remapper chain
[11:56:38] [main/INFO] (mixin) Remapping refMap fabric-registry-sync-v0-refmap.json using remapper chain
[11:56:38] [main/INFO] (mixin) Remapping refMap fabric-containers-v0-refmap.json using remapper chain
[11:56:38] [main/INFO] (mixin) Remapping refMap fabric-biome-api-v1-refmap.json using remapper chain
[11:56:38] [main/INFO] (mixin) Remapping refMap fabric-resource-loader-v0-refmap.json using remapper chain
[11:56:38] [main/INFO] (mixin) Remapping refMap fabric-game-rule-api-v1-refmap.json using remapper chain
[11:56:38] [main/INFO] (mixin) Remapping refMap fabric-particles-v1-refmap.json using remapper chain
[11:56:38] [main/INFO] (mixin) Remapping refMap fabric-object-builders-refmap.json using remapper chain
[11:56:38] [main/INFO] (mixin) Remapping refMap fabric-tag-extensions-v0-refmap.json using remapper chain
[11:56:38] [main/INFO] (mixin) Remapping refMap fabric-tool-attribute-api-v1-refmap.json using remapper chain
[11:56:38] [main/INFO] (mixin) Remapping refMap fabric-item-groups-v0-refmap.json using remapper chain
[11:56:38] [main/INFO] (mixin) Remapping refMap fabric-content-registries-v0-refmap.json using remapper chain
[11:56:38] [main/INFO] (mixin) Remapping refMap fabric-command-api-v1-refmap.json using remapper chain
[11:56:38] [main/INFO] (mixin) Remapping refMap fabric-crash-report-info-v1-refmap.json using remapper chain
[11:56:38] [main/WARN] (mixin) @Mixin target net/minecraft/server/world/ThreadedAnvilChunkStorage$EntityTracker is public in fabric-networking-v0.mixins.json:MixinEntityTracker and should be specified in value
[11:56:38] [main/WARN] (mixin) @Mixin target net/minecraft/village/TradeOffers$TypeAwareBuyForOneEmeraldFactory is public in fabric-object-builder-v1.mixins.json:TypeAwareTradeMixin and should be specified in value
[11:56:38] [main/WARN] (mixin) @Mixin target net/minecraft/server/command/GameRuleCommand$1 is public in fabric-game-rule-api-v1.mixins.json:GameRuleCommandVisitorMixin and should be specified in value
[11:56:38] [main/WARN] (mixin) @Mixin target net/minecraft/tag/Tag$1 is public in fabric-tag-extensions-v0.mixins.json:MixinTagImpl and should be specified in value
[11:56:38] [main/WARN] (mixin) @Mixin target net/minecraft/tag/RequiredTagList$TagWrapper is public in fabric-tag-extensions-v0.mixins.json:MixinTagImpl and should be specified in value
[11:56:42] [main/INFO] (Invsync) [invsync] Initializing
[11:56:43] [main/INFO] (Invsync) [invsync] Successfully connected to database!
[11:56:43] [main/INFO] (Minecraft) Environment: authHost='https://authserver.mojang.com', accountsHost='https://api.mojang.com', sessionHost='https://sessionserver.mojang.com', servicesHost='https://api.minecraftservices.com', name='PROD'
[11:56:44] [main/WARN] (Minecraft) Ambiguity between arguments [teleport, destination] and [teleport, targets] with inputs: [Player, 0123, @e, dd12be42-52a9-4a91-a8a1-11c01849e498]
[11:56:44] [main/WARN] (Minecraft) Ambiguity between arguments [teleport, location] and [teleport, destination] with inputs: [0.1 -0.5 .9, 0 0 0]
[11:56:44] [main/WARN] (Minecraft) Ambiguity between arguments [teleport, location] and [teleport, targets] with inputs: [0.1 -0.5 .9, 0 0 0]
[11:56:44] [main/WARN] (Minecraft) Ambiguity between arguments [teleport, targets] and [teleport, destination] with inputs: [Player, 0123, dd12be42-52a9-4a91-a8a1-11c01849e498]
[11:56:44] [main/WARN] (Minecraft) Ambiguity between arguments [teleport, targets, location] and [teleport, targets, destination] with inputs: [0.1 -0.5 .9, 0 0 0]
[11:56:44] [main/INFO] (Minecraft) Reloading ResourceManager: Default, Fabric Tool Attribute API (v1)
[11:56:46] [Worker-Main-4/INFO] (Minecraft) Loaded 7 recipes
[11:56:46] [Worker-Main-4/INFO] (Minecraft) Loaded 927 advancements
[11:56:47] [main/INFO] (BiomeModificationImpl) Applied 0 biome modifications to 0 of 79 new biomes in 2.901 ms
[11:56:47] [Server thread/INFO] (Minecraft) Starting minecraft server version 1.16.5
[11:56:47] [Server thread/INFO] (Minecraft) Loading properties
[11:56:47] [Server thread/INFO] (Minecraft) Default game type: SURVIVAL
[11:56:47] [Server thread/INFO] (Minecraft) Generating keypair
[11:56:47] [Server thread/INFO] (Minecraft) Starting Minecraft server on *:25565
[11:56:47] [Server thread/INFO] (Minecraft) Using default channel type
[11:56:49] [Server thread/INFO] (Minecraft) Preparing level "world"
[11:56:49] [Server thread/INFO] (Minecraft) Preparing start region for dimension minecraft:overworld
[11:56:50] [Server thread/INFO] (Minecraft) Preparing spawn area: 0%
[11:56:50] [Server thread/INFO] (Minecraft) Preparing spawn area: 0%
[11:56:50] [Worker-Main-6/INFO] (Minecraft) Preparing spawn area: 0%
[11:56:50] [Server thread/INFO] (Minecraft) Preparing spawn area: 40%
[11:56:53] [Worker-Main-5/INFO] (Minecraft) Preparing spawn area: 83%
[11:56:53] [Worker-Main-6/INFO] (Minecraft) Preparing spawn area: 83%
[11:56:53] [Worker-Main-6/INFO] (Minecraft) Preparing spawn area: 83%
[11:56:53] [Worker-Main-7/INFO] (Minecraft) Preparing spawn area: 83%
[11:56:53] [Worker-Main-6/INFO] (Minecraft) Preparing spawn area: 83%
[11:56:54] [Server thread/INFO] (Minecraft) Preparing spawn area: 83%
[11:56:54] [Worker-Main-7/INFO] (Minecraft) Preparing spawn area: 95%
[11:56:54] [Worker-Main-6/INFO] (Minecraft) Preparing spawn area: 95%
[11:56:55] [Worker-Main-7/INFO] (Minecraft) Preparing spawn area: 96%
[11:56:55] [Server thread/INFO] (Minecraft) Time elapsed: 6261 ms
[11:56:55] [Server thread/INFO] (Minecraft) Done (6.421s)! For help, type "help"
[11:56:59] [User Authenticator #1/INFO] (Minecraft) UUID of player MrNavaStar is a47c38e4-e21e-4d38-b78e-ec2dddd27b37
[11:57:00] [Server thread/INFO] (Minecraft) MrNavaStar[/127.0.0.1:1737] logged in with entity id 241 at (-142.5854696872678, 68.0, 206.22504156831818)
[11:57:00] [Server thread/INFO] (Minecraft) MrNavaStar joined the game
[11:57:00] [Server thread/INFO] (Invsync) [invsync] Getting Player Data From database
[11:57:03] [Server thread/INFO] (Minecraft) MrNavaStar lost connection: Disconnected
[11:57:03] [Server thread/INFO] (Minecraft) MrNavaStar left the game
[11:57:03] [Server thread/INFO] (Invsync) [invsync] Saving Player Data to database
[11:57:03] [Server thread/INFO] (Minecraft) [STDOUT]: UPDATE PlayerData SET inv0 = '{id:"minecraft:air",Count:1b}' WHERE uuid = 'a47c38e4-e21e-4d38-b78e-ec2dddd27b37'
[11:57:03] [Server thread/INFO] (Minecraft) [STDOUT]: UPDATE PlayerData SET inv1 = '{id:"minecraft:podzol",Count:64b}' WHERE uuid = 'a47c38e4-e21e-4d38-b78e-ec2dddd27b37'
[11:57:03] [Server thread/INFO] (Minecraft) [STDOUT]: UPDATE PlayerData SET inv2 = '{id:"minecraft:air",Count:1b}' WHERE uuid = 'a47c38e4-e21e-4d38-b78e-ec2dddd27b37'
[11:57:03] [Server thread/INFO] (Minecraft) [STDOUT]: UPDATE PlayerData SET inv3 = '{id:"minecraft:netherite_sword",Count:1b,tag:{RepairCost:1,Damage:0,display:{Name:${"text":"REEEEE"}$},Enchantments:[{lvl:5s,id:"minecraft:sharpness"}]}}' WHERE uuid = 'a47c38e4-e21e-4d38-b78e-ec2dddd27b37'
[11:57:03] [Server thread/INFO] (Minecraft) [STDOUT]: UPDATE PlayerData SET inv4 = '{id:"minecraft:air",Count:1b}' WHERE uuid = 'a47c38e4-e21e-4d38-b78e-ec2dddd27b37'
[11:57:03] [Server thread/INFO] (Minecraft) [STDOUT]: UPDATE PlayerData SET inv5 = '{id:"minecraft:redstone_torch",Count:1b}' WHERE uuid = 'a47c38e4-e21e-4d38-b78e-ec2dddd27b37'
[11:57:03] [Server thread/INFO] (Minecraft) [STDOUT]: UPDATE PlayerData SET inv6 = '{id:"minecraft:coal_ore",Count:1b}' WHERE uuid = 'a47c38e4-e21e-4d38-b78e-ec2dddd27b37'
[11:57:03] [Server thread/INFO] (Minecraft) [STDOUT]: UPDATE PlayerData SET inv7 = '{id:"minecraft:air",Count:1b}' WHERE uuid = 'a47c38e4-e21e-4d38-b78e-ec2dddd27b37'
[11:57:03] [Server thread/INFO] (Minecraft) [STDOUT]: UPDATE PlayerData SET inv8 = '{id:"minecraft:jungle_log",Count:1b}' WHERE uuid = 'a47c38e4-e21e-4d38-b78e-ec2dddd27b37'
[11:57:03] [Server thread/INFO] (Minecraft) [STDOUT]: UPDATE PlayerData SET inv9 = '{id:"minecraft:air",Count:1b}' WHERE uuid = 'a47c38e4-e21e-4d38-b78e-ec2dddd27b37'
[11:57:03] [Server thread/INFO] (Minecraft) [STDOUT]: UPDATE PlayerData SET inv10 = '{id:"minecraft:air",Count:1b}' WHERE uuid = 'a47c38e4-e21e-4d38-b78e-ec2dddd27b37'
[11:57:03] [Server thread/INFO] (Minecraft) [STDOUT]: UPDATE PlayerData SET inv11 = '{id:"minecraft:air",Count:1b}' WHERE uuid = 'a47c38e4-e21e-4d38-b78e-ec2dddd27b37'
[11:57:03] [Server thread/INFO] (Minecraft) [STDOUT]: UPDATE PlayerData SET inv12 = '{id:"minecraft:redstone_torch",Count:64b}' WHERE uuid = 'a47c38e4-e21e-4d38-b78e-ec2dddd27b37'
[11:57:03] [Server thread/INFO] (Minecraft) [STDOUT]: UPDATE PlayerData SET inv13 = '{id:"minecraft:redstone_torch",Count:64b}' WHERE uuid = 'a47c38e4-e21e-4d38-b78e-ec2dddd27b37'
[11:57:03] [Server thread/INFO] (Minecraft) [STDOUT]: UPDATE PlayerData SET inv14 = '{id:"minecraft:redstone_torch",Count:64b}' WHERE uuid = 'a47c38e4-e21e-4d38-b78e-ec2dddd27b37'
[11:57:03] [Server thread/INFO] (Minecraft) [STDOUT]: UPDATE PlayerData SET inv15 = '{id:"minecraft:redstone_torch",Count:64b}' WHERE uuid = 'a47c38e4-e21e-4d38-b78e-ec2dddd27b37'
[11:57:03] [Server thread/INFO] (Minecraft) [STDOUT]: UPDATE PlayerData SET inv16 = '{id:"minecraft:air",Count:1b}' WHERE uuid = 'a47c38e4-e21e-4d38-b78e-ec2dddd27b37'
[11:57:03] [Server thread/INFO] (Minecraft) [STDOUT]: UPDATE PlayerData SET inv17 = '{id:"minecraft:air",Count:1b}' WHERE uuid = 'a47c38e4-e21e-4d38-b78e-ec2dddd27b37'
[11:57:03] [Server thread/INFO] (Minecraft) [STDOUT]: UPDATE PlayerData SET inv18 = '{id:"minecraft:air",Count:1b}' WHERE uuid = 'a47c38e4-e21e-4d38-b78e-ec2dddd27b37'
[11:57:03] [Server thread/INFO] (Minecraft) [STDOUT]: UPDATE PlayerData SET inv19 = '{id:"minecraft:air",Count:1b}' WHERE uuid = 'a47c38e4-e21e-4d38-b78e-ec2dddd27b37'
[11:57:03] [Server thread/INFO] (Minecraft) [STDOUT]: UPDATE PlayerData SET inv20 = '{id:"minecraft:air",Count:1b}' WHERE uuid = 'a47c38e4-e21e-4d38-b78e-ec2dddd27b37'
[11:57:03] [Server thread/INFO] (Minecraft) [STDOUT]: UPDATE PlayerData SET inv21 = '{id:"minecraft:redstone_torch",Count:64b}' WHERE uuid = 'a47c38e4-e21e-4d38-b78e-ec2dddd27b37'
[11:57:03] [Server thread/INFO] (Minecraft) [STDOUT]: UPDATE PlayerData SET inv22 = '{id:"minecraft:air",Count:1b}' WHERE uuid = 'a47c38e4-e21e-4d38-b78e-ec2dddd27b37'
[11:57:03] [Server thread/INFO] (Minecraft) [STDOUT]: UPDATE PlayerData SET inv23 = '{id:"minecraft:redstone_torch",Count:64b}' WHERE uuid = 'a47c38e4-e21e-4d38-b78e-ec2dddd27b37'
[11:57:03] [Server thread/INFO] (Minecraft) [STDOUT]: UPDATE PlayerData SET inv24 = '{id:"minecraft:redstone_torch",Count:64b}' WHERE uuid = 'a47c38e4-e21e-4d38-b78e-ec2dddd27b37'
[11:57:03] [Server thread/INFO] (Minecraft) [STDOUT]: UPDATE PlayerData SET inv25 = '{id:"minecraft:air",Count:1b}' WHERE uuid = 'a47c38e4-e21e-4d38-b78e-ec2dddd27b37'
[11:57:03] [Server thread/INFO] (Minecraft) [STDOUT]: UPDATE PlayerData SET inv26 = '{id:"minecraft:air",Count:1b}' WHERE uuid = 'a47c38e4-e21e-4d38-b78e-ec2dddd27b37'
[11:57:03] [Server thread/INFO] (Minecraft) [STDOUT]: UPDATE PlayerData SET inv27 = '{id:"minecraft:air",Count:1b}' WHERE uuid = 'a47c38e4-e21e-4d38-b78e-ec2dddd27b37'
[11:57:03] [Server thread/INFO] (Minecraft) [STDOUT]: UPDATE PlayerData SET inv28 = '{id:"minecraft:air",Count:1b}' WHERE uuid = 'a47c38e4-e21e-4d38-b78e-ec2dddd27b37'
[11:57:03] [Server thread/INFO] (Minecraft) [STDOUT]: UPDATE PlayerData SET inv29 = '{id:"minecraft:air",Count:1b}' WHERE uuid = 'a47c38e4-e21e-4d38-b78e-ec2dddd27b37'
[11:57:04] [Server thread/INFO] (Minecraft) [STDOUT]: UPDATE PlayerData SET inv30 = '{id:"minecraft:air",Count:1b}' WHERE uuid = 'a47c38e4-e21e-4d38-b78e-ec2dddd27b37'
[11:57:04] [Server thread/INFO] (Minecraft) [STDOUT]: UPDATE PlayerData SET inv31 = '{id:"minecraft:air",Count:1b}' WHERE uuid = 'a47c38e4-e21e-4d38-b78e-ec2dddd27b37'
[11:57:04] [Server thread/INFO] (Minecraft) [STDOUT]: UPDATE PlayerData SET inv32 = '{id:"minecraft:air",Count:1b}' WHERE uuid = 'a47c38e4-e21e-4d38-b78e-ec2dddd27b37'
[11:57:04] [Server thread/INFO] (Minecraft) [STDOUT]: UPDATE PlayerData SET inv33 = '{id:"minecraft:air",Count:1b}' WHERE uuid = 'a47c38e4-e21e-4d38-b78e-ec2dddd27b37'
[11:57:04] [Server thread/INFO] (Minecraft) [STDOUT]: UPDATE PlayerData SET inv34 = '{id:"minecraft:air",Count:1b}' WHERE uuid = 'a47c38e4-e21e-4d38-b78e-ec2dddd27b37'
[11:57:04] [Server thread/INFO] (Minecraft) [STDOUT]: UPDATE PlayerData SET inv35 = '{id:"minecraft:air",Count:1b}' WHERE uuid = 'a47c38e4-e21e-4d38-b78e-ec2dddd27b37'
[11:57:04] [Server thread/INFO] (Minecraft) [STDOUT]: UPDATE PlayerData SET armour0 = '{id:"minecraft:air",Count:1b}' WHERE uuid = 'a47c38e4-e21e-4d38-b78e-ec2dddd27b37'
[11:57:04] [Server thread/INFO] (Minecraft) [STDOUT]: UPDATE PlayerData SET armour1 = '{id:"minecraft:air",Count:1b}' WHERE uuid = 'a47c38e4-e21e-4d38-b78e-ec2dddd27b37'
[11:57:04] [Server thread/INFO] (Minecraft) [STDOUT]: UPDATE PlayerData SET armour2 = '{id:"minecraft:air",Count:1b}' WHERE uuid = 'a47c38e4-e21e-4d38-b78e-ec2dddd27b37'
[11:57:04] [Server thread/INFO] (Minecraft) [STDOUT]: UPDATE PlayerData SET armour3 = '{id:"minecraft:air",Count:1b}' WHERE uuid = 'a47c38e4-e21e-4d38-b78e-ec2dddd27b37'
[11:57:04] [Server thread/INFO] (Minecraft) [STDOUT]: UPDATE PlayerData SET eChest0 = '{id:"minecraft:air",Count:1b}' WHERE uuid = 'a47c38e4-e21e-4d38-b78e-ec2dddd27b37'
[11:57:04] [Server thread/INFO] (Minecraft) [STDOUT]: UPDATE PlayerData SET eChest1 = '{id:"minecraft:air",Count:1b}' WHERE uuid = 'a47c38e4-e21e-4d38-b78e-ec2dddd27b37'
[11:57:04] [Server thread/INFO] (Minecraft) [STDOUT]: UPDATE PlayerData SET eChest2 = '{id:"minecraft:air",Count:1b}' WHERE uuid = 'a47c38e4-e21e-4d38-b78e-ec2dddd27b37'
[11:57:04] [Server thread/INFO] (Minecraft) [STDOUT]: UPDATE PlayerData SET eChest3 = '{id:"minecraft:air",Count:1b}' WHERE uuid = 'a47c38e4-e21e-4d38-b78e-ec2dddd27b37'
[11:57:04] [Server thread/INFO] (Minecraft) [STDOUT]: UPDATE PlayerData SET eChest4 = '{id:"minecraft:air",Count:1b}' WHERE uuid = 'a47c38e4-e21e-4d38-b78e-ec2dddd27b37'
[11:57:04] [Server thread/INFO] (Minecraft) [STDOUT]: UPDATE PlayerData SET eChest5 = '{id:"minecraft:air",Count:1b}' WHERE uuid = 'a47c38e4-e21e-4d38-b78e-ec2dddd27b37'
[11:57:04] [Server thread/INFO] (Minecraft) [STDOUT]: UPDATE PlayerData SET eChest6 = '{id:"minecraft:air",Count:1b}' WHERE uuid = 'a47c38e4-e21e-4d38-b78e-ec2dddd27b37'
[11:57:04] [Server thread/INFO] (Minecraft) [STDOUT]: UPDATE PlayerData SET eChest7 = '{id:"minecraft:air",Count:1b}' WHERE uuid = 'a47c38e4-e21e-4d38-b78e-ec2dddd27b37'
[11:57:04] [Server thread/INFO] (Minecraft) [STDOUT]: UPDATE PlayerData SET eChest8 = '{id:"minecraft:air",Count:1b}' WHERE uuid = 'a47c38e4-e21e-4d38-b78e-ec2dddd27b37'
[11:57:04] [Server thread/INFO] (Minecraft) [STDOUT]: UPDATE PlayerData SET eChest9 = '{id:"minecraft:air",Count:1b}' WHERE uuid = 'a47c38e4-e21e-4d38-b78e-ec2dddd27b37'
[11:57:04] [Server thread/INFO] (Minecraft) [STDOUT]: UPDATE PlayerData SET eChest10 = '{id:"minecraft:air",Count:1b}' WHERE uuid = 'a47c38e4-e21e-4d38-b78e-ec2dddd27b37'
[11:57:04] [Server thread/INFO] (Minecraft) [STDOUT]: UPDATE PlayerData SET eChest11 = '{id:"minecraft:air",Count:1b}' WHERE uuid = 'a47c38e4-e21e-4d38-b78e-ec2dddd27b37'
[11:57:04] [Server thread/INFO] (Minecraft) [STDOUT]: UPDATE PlayerData SET eChest12 = '{id:"minecraft:air",Count:1b}' WHERE uuid = 'a47c38e4-e21e-4d38-b78e-ec2dddd27b37'
[11:57:04] [Server thread/INFO] (Minecraft) [STDOUT]: UPDATE PlayerData SET eChest13 = '{id:"minecraft:air",Count:1b}' WHERE uuid = 'a47c38e4-e21e-4d38-b78e-ec2dddd27b37'
[11:57:04] [Server thread/INFO] (Minecraft) [STDOUT]: UPDATE PlayerData SET eChest14 = '{id:"minecraft:air",Count:1b}' WHERE uuid = 'a47c38e4-e21e-4d38-b78e-ec2dddd27b37'
[11:57:04] [Server thread/INFO] (Minecraft) [STDOUT]: UPDATE PlayerData SET eChest15 = '{id:"minecraft:air",Count:1b}' WHERE uuid = 'a47c38e4-e21e-4d38-b78e-ec2dddd27b37'
[11:57:04] [Server thread/INFO] (Minecraft) [STDOUT]: UPDATE PlayerData SET eChest16 = '{id:"minecraft:air",Count:1b}' WHERE uuid = 'a47c38e4-e21e-4d38-b78e-ec2dddd27b37'
[11:57:04] [Server thread/INFO] (Minecraft) [STDOUT]: UPDATE PlayerData SET eChest17 = '{id:"minecraft:air",Count:1b}' WHERE uuid = 'a47c38e4-e21e-4d38-b78e-ec2dddd27b37'
[11:57:04] [Server thread/INFO] (Minecraft) [STDOUT]: UPDATE PlayerData SET eChest18 = '{id:"minecraft:air",Count:1b}' WHERE uuid = 'a47c38e4-e21e-4d38-b78e-ec2dddd27b37'
[11:57:04] [Server thread/INFO] (Minecraft) [STDOUT]: UPDATE PlayerData SET eChest19 = '{id:"minecraft:air",Count:1b}' WHERE uuid = 'a47c38e4-e21e-4d38-b78e-ec2dddd27b37'
[11:57:04] [Server thread/INFO] (Minecraft) [STDOUT]: UPDATE PlayerData SET eChest20 = '{id:"minecraft:air",Count:1b}' WHERE uuid = 'a47c38e4-e21e-4d38-b78e-ec2dddd27b37'
[11:57:04] [Server thread/INFO] (Minecraft) [STDOUT]: UPDATE PlayerData SET eChest21 = '{id:"minecraft:air",Count:1b}' WHERE uuid = 'a47c38e4-e21e-4d38-b78e-ec2dddd27b37'
[11:57:04] [Server thread/INFO] (Minecraft) [STDOUT]: UPDATE PlayerData SET eChest22 = '{id:"minecraft:air",Count:1b}' WHERE uuid = 'a47c38e4-e21e-4d38-b78e-ec2dddd27b37'
[11:57:04] [Server thread/INFO] (Minecraft) [STDOUT]: UPDATE PlayerData SET eChest23 = '{id:"minecraft:air",Count:1b}' WHERE uuid = 'a47c38e4-e21e-4d38-b78e-ec2dddd27b37'
[11:57:04] [Server thread/INFO] (Minecraft) [STDOUT]: UPDATE PlayerData SET eChest24 = '{id:"minecraft:air",Count:1b}' WHERE uuid = 'a47c38e4-e21e-4d38-b78e-ec2dddd27b37'
[11:57:04] [Server thread/INFO] (Minecraft) [STDOUT]: UPDATE PlayerData SET eChest25 = '{id:"minecraft:air",Count:1b}' WHERE uuid = 'a47c38e4-e21e-4d38-b78e-ec2dddd27b37'
[11:57:04] [Server thread/INFO] (Minecraft) [STDOUT]: UPDATE PlayerData SET eChest26 = '{id:"minecraft:air",Count:1b}' WHERE uuid = 'a47c38e4-e21e-4d38-b78e-ec2dddd27b37'
[11:57:04] [Server thread/INFO] (Minecraft) [STDOUT]: UPDATE PlayerData SET eChest27 = '{id:"minecraft:air",Count:1b}' WHERE uuid = 'a47c38e4-e21e-4d38-b78e-ec2dddd27b37'
