#
# A fatal error has been detected by the Java Runtime Environment:
#
#  EXCEPTION_ACCESS_VIOLATION (0xc0000005) at pc=0x00000000564e70c0, pid=13004, tid=0x0000000000002f7c
#
# JRE version: Java(TM) SE Runtime Environment (8.0_271-b09) (build 1.8.0_271-b09)
# Java VM: Java HotSpot(TM) 64-Bit Server VM (25.271-b09 mixed mode windows-amd64 compressed oops)
# Problematic frame:
# V  [jvm.dll+0x4d70c0]
#
# Failed to write core dump. Minidumps are not enabled by default on client versions of Windows
#
# If you would like to submit a bug report, please visit:
#   http://bugreport.java.com/bugreport/crash.jsp
#

---------------  T H R E A D  ---------------

Current thread (0x0000029d3ef2c800):  JavaThread "C2 CompilerThread0" daemon [_thread_in_native, id=12156, stack(0x000000ecd8200000,0x000000ecd8300000)]

siginfo: ExceptionCode=0xc0000005, reading address 0x000000000000002c

Registers:
RAX=0x0000029d40e8f550, RBX=0x0000000000000002, RCX=0x0000000000000000, RDX=0x00000000000008dc
RSP=0x000000ecd82fac88, RBP=0x000000ecd82fad90, RSI=0x0000029d43897220, RDI=0x0000000000200000
R8 =0x0000029d403a7298, R9 =0x000000ecd82faca0, R10=0x0000029d43737d28, R11=0x0000029d4146e2d0
R12=0x0000000000000002, R13=0x0000029d403a7248, R14=0x0000029d43896d70, R15=0x0000000000000000
RIP=0x00000000564e70c0, EFLAGS=0x0000000000010202

Top of Stack: (sp=0x000000ecd82fac88)
0x000000ecd82fac88:   00000000565054d2 0000000000000001
0x000000ecd82fac98:   0000000000000147 000000ec00000000
0x000000ecd82faca8:   0000029d0000000f 000000ec00000002
0x000000ecd82facb8:   000000ec00000826 0000029d00000000
0x000000ecd82facc8:   0000029d4375f100 000000ecd82fadf0
0x000000ecd82facd8:   0000000000000004 000000050000000d
0x000000ecd82face8:   0000000056808740 0000000500000006
0x000000ecd82facf8:   0000000500000006 0000000000000074
0x000000ecd82fad08:   000000265645a700 0000029d43762a10
0x000000ecd82fad18:   0000000200000001 0000029d43762a40
0x000000ecd82fad28:   0000029d437627b0 0000029d43761ac0
0x000000ecd82fad38:   0000029d40a7f378 0000071300000000
0x000000ecd82fad48:   000000ecd82fb110 000000ec0000000f
0x000000ecd82fad58:   0000029d4375d530 0000029d43760dd0
0x000000ecd82fad68:   0000000000000002 0000029d000007e9
0x000000ecd82fad78:   0000029d4375f180 0000029d437627e0 

Instructions: (pc=0x00000000564e70c0)
0x00000000564e70a0:   89 51 30 c3 41 80 e0 3f 41 80 f8 30 75 04 48 89
0x00000000564e70b0:   51 40 c3 cc cc cc cc cc cc cc cc cc cc cc cc cc
0x00000000564e70c0:   0f b6 41 2c 24 03 3c 02 0f 84 22 1e fe ff 0f b6
0x00000000564e70d0:   41 2e d0 e8 24 01 c3 cc cc cc cc cc cc cc cc cc 


Register to memory mapping:

RAX=0x0000029d40e8f550 is an unknown value
RBX=0x0000000000000002 is an unknown value
RCX=0x0000000000000000 is an unknown value
RDX=0x00000000000008dc is an unknown value
RSP=0x000000ecd82fac88 is pointing into the stack for thread: 0x0000029d3ef2c800
RBP=0x000000ecd82fad90 is pointing into the stack for thread: 0x0000029d3ef2c800
RSI=0x0000029d43897220 is an unknown value
RDI=0x0000000000200000 is an unknown value
R8 =0x0000029d403a7298 is an unknown value
R9 =0x000000ecd82faca0 is pointing into the stack for thread: 0x0000029d3ef2c800
R10=0x0000029d43737d28 is an unknown value
R11=0x0000029d4146e2d0 is an unknown value
R12=0x0000000000000002 is an unknown value
R13=0x0000029d403a7248 is an unknown value
R14=0x0000029d43896d70 is an unknown value
R15=0x0000000000000000 is an unknown value


Stack: [0x000000ecd8200000,0x000000ecd8300000],  sp=0x000000ecd82fac88,  free space=1003k
Native frames: (J=compiled Java code, j=interpreted, Vv=VM code, C=native code)
V  [jvm.dll+0x4d70c0]


Current CompileTask:
C2:   5375 5526  s!   4       sun.net.www.protocol.file.Handler::openConnection (273 bytes)


---------------  P R O C E S S  ---------------

Java Threads: ( => current thread )
  0x0000029d45453000 JavaThread "Worker-Bootstrap-3" daemon [_thread_blocked, id=1232, stack(0x000000ecd8900000,0x000000ecd8a00000)]
  0x0000029d45452000 JavaThread "Worker-Bootstrap-2" daemon [_thread_in_Java, id=2504, stack(0x000000ecd8800000,0x000000ecd8900000)]
  0x0000029d43690000 JavaThread "Worker-Bootstrap-1" daemon [_thread_in_Java, id=9960, stack(0x000000ecd8700000,0x000000ecd8800000)]
  0x0000029d3efa2000 JavaThread "Service Thread" daemon [_thread_blocked, id=5920, stack(0x000000ecd8500000,0x000000ecd8600000)]
  0x0000029d3ef36000 JavaThread "C1 CompilerThread2" daemon [_thread_blocked, id=12308, stack(0x000000ecd8400000,0x000000ecd8500000)]
  0x0000029d3ef31800 JavaThread "C2 CompilerThread1" daemon [_thread_in_native, id=7140, stack(0x000000ecd8300000,0x000000ecd8400000)]
=>0x0000029d3ef2c800 JavaThread "C2 CompilerThread0" daemon [_thread_in_native, id=12156, stack(0x000000ecd8200000,0x000000ecd8300000)]
  0x0000029d3ef2c000 JavaThread "Attach Listener" daemon [_thread_blocked, id=8064, stack(0x000000ecd8100000,0x000000ecd8200000)]
  0x0000029d3ef2b000 JavaThread "Signal Dispatcher" daemon [_thread_blocked, id=9468, stack(0x000000ecd8000000,0x000000ecd8100000)]
  0x0000029d3ef04800 JavaThread "Finalizer" daemon [_thread_blocked, id=7892, stack(0x000000ecd7f00000,0x000000ecd8000000)]
  0x0000029d3eefb000 JavaThread "Reference Handler" daemon [_thread_blocked, id=10036, stack(0x000000ecd7e00000,0x000000ecd7f00000)]
  0x0000029d24356000 JavaThread "main" [_thread_in_Java, id=3512, stack(0x000000ecd7800000,0x000000ecd7900000)]

Other Threads:
  0x0000029d3eed4000 VMThread [stack: 0x000000ecd7d00000,0x000000ecd7e00000] [id=1344]
  0x0000029d3f01b000 WatcherThread [stack: 0x000000ecd8600000,0x000000ecd8700000] [id=8444]

VM state:not at safepoint (normal execution)

VM Mutex/Monitor currently owned by a thread: None

heap address: 0x00000006c0e00000, size: 4082 MB, Compressed Oops mode: Zero based, Oop shift amount: 3
Narrow klass base: 0x0000000000000000, Narrow klass shift: 3
Compressed class space size: 1073741824 Address: 0x00000007c0000000

Heap:
 PSYoungGen      total 301568K, used 178190K [0x000000076af80000, 0x0000000786380000, 0x00000007c0000000)
  eden space 259072K, 68% used [0x000000076af80000,0x0000000775d83ba8,0x000000077ac80000)
  from space 42496K, 0% used [0x000000077ac80000,0x000000077ac80000,0x000000077d600000)
  to   space 53760K, 0% used [0x0000000782f00000,0x0000000782f00000,0x0000000786380000)
 ParOldGen       total 290304K, used 108964K [0x00000006c0e00000, 0x00000006d2980000, 0x000000076af80000)
  object space 290304K, 37% used [0x00000006c0e00000,0x00000006c7869350,0x00000006d2980000)
 Metaspace       used 37965K, capacity 40823K, committed 40960K, reserved 1083392K
  class space    used 5398K, capacity 6134K, committed 6144K, reserved 1048576K

Card table byte_map: [0x0000029d35030000,0x0000029d35830000] byte_map_base: 0x0000029d31a29000

Marking Bits: (ParMarkBitMap*) 0x0000000056807fe0
 Begin Bits: [0x0000029d35d90000, 0x0000029d39d58000)
 End Bits:   [0x0000029d39d58000, 0x0000029d3dd20000)

Polling page: 0x0000029d242e0000

CodeCache: size=245760Kb used=13849Kb max_used=15459Kb free=231910Kb
 bounds [0x0000029d25c70000, 0x0000029d26ba0000, 0x0000029d34c70000]
 total_blobs=5113 nmethods=4508 adapters=517
 compilation: enabled

Compilation events (10 events):
Event: 5.363 Thread 0x0000029d3ef36000 5543       3       java.util.stream.ReferencePipeline$StatelessOp::<init> (29 bytes)
Event: 5.363 Thread 0x0000029d3ef36000 nmethod 5543 0x0000029d260a7e50 code [0x0000029d260a7fc0, 0x0000029d260a81d0]
Event: 5.363 Thread 0x0000029d3ef31800 nmethod 5542 0x0000029d260a7810 code [0x0000029d260a7980, 0x0000029d260a7cd8]
Event: 5.364 Thread 0x0000029d3ef31800 5544       4       com.mojang.datafixers.types.templates.Tag$1::apply (33 bytes)
Event: 5.364 Thread 0x0000029d3ef36000 5545       3       java.util.stream.Collectors$CollectorImpl::<init> (32 bytes)
Event: 5.364 Thread 0x0000029d3ef36000 nmethod 5545 0x0000029d2675a790 code [0x0000029d2675a8e0, 0x0000029d2675ab18]
Event: 5.365 Thread 0x0000029d3ef31800 nmethod 5544 0x0000029d2675a390 code [0x0000029d2675a4e0, 0x0000029d2675a618]
Event: 5.365 Thread 0x0000029d3ef31800 5546       4       com.mojang.datafixers.types.templates.Sum$SumType::all (21 bytes)
Event: 5.365 Thread 0x0000029d3ef36000 5547       3       com.mojang.datafixers.types.templates.TaggedChoice$TaggedChoiceType::all (294 bytes)
Event: 5.367 Thread 0x0000029d3ef36000 nmethod 5547 0x0000029d26966290 code [0x0000029d269669c0, 0x0000029d2696bc00]

GC Heap History (10 events):
Event: 3.060 GC heap before
{Heap before GC invocations=7 (full 1):
 PSYoungGen      total 141824K, used 131072K [0x000000076af80000, 0x000000077f780000, 0x00000007c0000000)
  eden space 131072K, 100% used [0x000000076af80000,0x0000000772f80000,0x0000000772f80000)
  from space 10752K, 0% used [0x0000000772f80000,0x0000000772f80000,0x0000000773a00000)
  to   space 36864K, 0% used [0x000000077d380000,0x000000077d380000,0x000000077f780000)
 ParOldGen       total 184832K, used 59453K [0x00000006c0e00000, 0x00000006cc280000, 0x000000076af80000)
  object space 184832K, 32% used [0x00000006c0e00000,0x00000006c480f4e0,0x00000006cc280000)
 Metaspace       used 23535K, capacity 24194K, committed 24448K, reserved 1071104K
  class space    used 2896K, capacity 3111K, committed 3200K, reserved 1048576K
Event: 3.065 GC heap after
Heap after GC invocations=7 (full 1):
 PSYoungGen      total 193536K, used 5862K [0x000000076af80000, 0x000000077d980000, 0x00000007c0000000)
  eden space 187392K, 0% used [0x000000076af80000,0x000000076af80000,0x0000000776680000)
  from space 6144K, 95% used [0x000000077d380000,0x000000077d939ab0,0x000000077d980000)
  to   space 37888K, 0% used [0x0000000778f80000,0x0000000778f80000,0x000000077b480000)
 ParOldGen       total 184832K, used 59461K [0x00000006c0e00000, 0x00000006cc280000, 0x000000076af80000)
  object space 184832K, 32% used [0x00000006c0e00000,0x00000006c48114e0,0x00000006cc280000)
 Metaspace       used 23535K, capacity 24194K, committed 24448K, reserved 1071104K
  class space    used 2896K, capacity 3111K, committed 3200K, reserved 1048576K
}
Event: 3.804 GC heap before
{Heap before GC invocations=8 (full 1):
 PSYoungGen      total 193536K, used 193254K [0x000000076af80000, 0x000000077d980000, 0x00000007c0000000)
  eden space 187392K, 100% used [0x000000076af80000,0x0000000776680000,0x0000000776680000)
  from space 6144K, 95% used [0x000000077d380000,0x000000077d939ab0,0x000000077d980000)
  to   space 37888K, 0% used [0x0000000778f80000,0x0000000778f80000,0x000000077b480000)
 ParOldGen       total 184832K, used 59461K [0x00000006c0e00000, 0x00000006cc280000, 0x000000076af80000)
  object space 184832K, 32% used [0x00000006c0e00000,0x00000006c48114e0,0x00000006cc280000)
 Metaspace       used 28045K, capacity 29034K, committed 29312K, reserved 1075200K
  class space    used 3523K, capacity 3861K, committed 3968K, reserved 1048576K
Event: 3.826 GC heap after
Heap after GC invocations=8 (full 1):
 PSYoungGen      total 267264K, used 21423K [0x000000076af80000, 0x000000077fa00000, 0x00000007c0000000)
  eden space 229376K, 0% used [0x000000076af80000,0x000000076af80000,0x0000000778f80000)
  from space 37888K, 56% used [0x0000000778f80000,0x000000077a46bda0,0x000000077b480000)
  to   space 36864K, 0% used [0x000000077d600000,0x000000077d600000,0x000000077fa00000)
 ParOldGen       total 184832K, used 59469K [0x00000006c0e00000, 0x00000006cc280000, 0x000000076af80000)
  object space 184832K, 32% used [0x00000006c0e00000,0x00000006c48134e0,0x00000006cc280000)
 Metaspace       used 28045K, capacity 29034K, committed 29312K, reserved 1075200K
  class space    used 3523K, capacity 3861K, committed 3968K, reserved 1048576K
}
Event: 4.340 GC heap before
{Heap before GC invocations=9 (full 1):
 PSYoungGen      total 267264K, used 250799K [0x000000076af80000, 0x000000077fa00000, 0x00000007c0000000)
  eden space 229376K, 100% used [0x000000076af80000,0x0000000778f80000,0x0000000778f80000)
  from space 37888K, 56% used [0x0000000778f80000,0x000000077a46bda0,0x000000077b480000)
  to   space 36864K, 0% used [0x000000077d600000,0x000000077d600000,0x000000077fa00000)
 ParOldGen       total 184832K, used 59469K [0x00000006c0e00000, 0x00000006cc280000, 0x000000076af80000)
  object space 184832K, 32% used [0x00000006c0e00000,0x00000006c48134e0,0x00000006cc280000)
 Metaspace       used 30312K, capacity 31412K, committed 31744K, reserved 1077248K
  class space    used 3860K, capacity 4256K, committed 4352K, reserved 1048576K
Event: 4.368 GC heap after
Heap after GC invocations=9 (full 1):
 PSYoungGen      total 295936K, used 36841K [0x000000076af80000, 0x0000000784300000, 0x00000007c0000000)
  eden space 259072K, 0% used [0x000000076af80000,0x000000076af80000,0x000000077ac80000)
  from space 36864K, 99% used [0x000000077d600000,0x000000077f9fa440,0x000000077fa00000)
  to   space 42496K, 0% used [0x000000077ac80000,0x000000077ac80000,0x000000077d600000)
 ParOldGen       total 184832K, used 60536K [0x00000006c0e00000, 0x00000006cc280000, 0x000000076af80000)
  object space 184832K, 32% used [0x00000006c0e00000,0x00000006c491e3d0,0x00000006cc280000)
 Metaspace       used 30312K, capacity 31412K, committed 31744K, reserved 1077248K
  class space    used 3860K, capacity 4256K, committed 4352K, reserved 1048576K
}
Event: 4.674 GC heap before
{Heap before GC invocations=10 (full 1):
 PSYoungGen      total 295936K, used 121005K [0x000000076af80000, 0x0000000784300000, 0x00000007c0000000)
  eden space 259072K, 32% used [0x000000076af80000,0x00000007701b1298,0x000000077ac80000)
  from space 36864K, 99% used [0x000000077d600000,0x000000077f9fa440,0x000000077fa00000)
  to   space 42496K, 0% used [0x000000077ac80000,0x000000077ac80000,0x000000077d600000)
 ParOldGen       total 184832K, used 60536K [0x00000006c0e00000, 0x00000006cc280000, 0x000000076af80000)
  object space 184832K, 32% used [0x00000006c0e00000,0x00000006c491e3d0,0x00000006cc280000)
 Metaspace       used 33220K, capacity 35367K, committed 35416K, reserved 1079296K
  class space    used 4293K, capacity 4850K, committed 4864K, reserved 1048576K
Event: 4.710 GC heap after
Heap after GC invocations=10 (full 1):
 PSYoungGen      total 301568K, used 42472K [0x000000076af80000, 0x0000000786380000, 0x00000007c0000000)
  eden space 259072K, 0% used [0x000000076af80000,0x000000076af80000,0x000000077ac80000)
  from space 42496K, 99% used [0x000000077ac80000,0x000000077d5fa160,0x000000077d600000)
  to   space 53760K, 0% used [0x0000000782f00000,0x0000000782f00000,0x0000000786380000)
 ParOldGen       total 184832K, used 72779K [0x00000006c0e00000, 0x00000006cc280000, 0x000000076af80000)
  object space 184832K, 39% used [0x00000006c0e00000,0x00000006c5512c08,0x00000006cc280000)
 Metaspace       used 33220K, capacity 35367K, committed 35416K, reserved 1079296K
  class space    used 4293K, capacity 4850K, committed 4864K, reserved 1048576K
}
Event: 4.710 GC heap before
{Heap before GC invocations=11 (full 2):
 PSYoungGen      total 301568K, used 42472K [0x000000076af80000, 0x0000000786380000, 0x00000007c0000000)
  eden space 259072K, 0% used [0x000000076af80000,0x000000076af80000,0x000000077ac80000)
  from space 42496K, 99% used [0x000000077ac80000,0x000000077d5fa160,0x000000077d600000)
  to   space 53760K, 0% used [0x0000000782f00000,0x0000000782f00000,0x0000000786380000)
 ParOldGen       total 184832K, used 72779K [0x00000006c0e00000, 0x00000006cc280000, 0x000000076af80000)
  object space 184832K, 39% used [0x00000006c0e00000,0x00000006c5512c08,0x00000006cc280000)
 Metaspace       used 33220K, capacity 35367K, committed 35416K, reserved 1079296K
  class space    used 4293K, capacity 4850K, committed 4864K, reserved 1048576K
Event: 4.925 GC heap after
Heap after GC invocations=11 (full 2):
 PSYoungGen      total 301568K, used 0K [0x000000076af80000, 0x0000000786380000, 0x00000007c0000000)
  eden space 259072K, 0% used [0x000000076af80000,0x000000076af80000,0x000000077ac80000)
  from space 42496K, 0% used [0x000000077ac80000,0x000000077ac80000,0x000000077d600000)
  to   space 53760K, 0% used [0x0000000782f00000,0x0000000782f00000,0x0000000786380000)
 ParOldGen       total 290304K, used 108964K [0x00000006c0e00000, 0x00000006d2980000, 0x000000076af80000)
  object space 290304K, 37% used [0x00000006c0e00000,0x00000006c7869350,0x00000006d2980000)
 Metaspace       used 33218K, capacity 35361K, committed 35416K, reserved 1079296K
  class space    used 4292K, capacity 4849K, committed 4864K, reserved 1048576K
}

Deoptimization events (10 events):
Event: 5.285 Thread 0x0000029d45453000 Uncommon trap: reason=unstable_if action=reinterpret pc=0x0000029d265ba5bc method=com.mojang.datafixers.types.templates.TaggedChoice.equals(Ljava/lang/Object;)Z @ 46
Event: 5.314 Thread 0x0000029d24356000 Uncommon trap: reason=unstable_if action=reinterpret pc=0x0000029d26a2c8c0 method=jdk.internal.org.objectweb.asm.Type.getArgumentsAndReturnSizes(Ljava/lang/String;)I @ 41
Event: 5.323 Thread 0x0000029d24356000 Uncommon trap: reason=class_check action=maybe_recompile pc=0x0000029d26b44608 method=java.util.stream.Collectors.lambda$toMap$58(Ljava/util/function/Function;Ljava/util/function/Function;Ljava/util/function/BinaryOperator;Ljava/util/Map;Ljava/lang/Object
Event: 5.323 Thread 0x0000029d24356000 Uncommon trap: reason=class_check action=maybe_recompile pc=0x0000029d26b44608 method=java.util.stream.Collectors.lambda$toMap$58(Ljava/util/function/Function;Ljava/util/function/Function;Ljava/util/function/BinaryOperator;Ljava/util/Map;Ljava/lang/Object
Event: 5.345 Thread 0x0000029d45453000 Uncommon trap: reason=unstable_if action=reinterpret pc=0x0000029d262363c8 method=java.util.concurrent.ConcurrentHashMap.replaceNode(Ljava/lang/Object;Ljava/lang/Object;Ljava/lang/Object;)Ljava/lang/Object; @ 62
Event: 5.346 Thread 0x0000029d45452000 Uncommon trap: reason=unstable_if action=reinterpret pc=0x0000029d2622616c method=java.util.concurrent.ConcurrentHashMap.addCount(JI)V @ 34
Event: 5.346 Thread 0x0000029d43690000 Uncommon trap: reason=unstable_if action=reinterpret pc=0x0000029d263fc5ec method=java.util.concurrent.ConcurrentHashMap.addCount(JI)V @ 7
Event: 5.346 Thread 0x0000029d45452000 Uncommon trap: reason=unstable_if action=reinterpret pc=0x0000029d263fc5ec method=java.util.concurrent.ConcurrentHashMap.addCount(JI)V @ 7
Event: 5.351 Thread 0x0000029d24356000 Uncommon trap: reason=class_check action=maybe_recompile pc=0x0000029d267823ec method=com.google.common.collect.ImmutableList.copyOf(Ljava/util/Collection;)Lcom/google/common/collect/ImmutableList; @ 8
Event: 5.358 Thread 0x0000029d45452000 Uncommon trap: reason=unstable_if action=reinterpret pc=0x0000029d26613c58 method=com.mojang.datafixers.types.templates.Product.equals(Ljava/lang/Object;)Z @ 2

Classes redefined (0 events):
No events

Internal exceptions (10 events):
Event: 5.055 Thread 0x0000029d45452000 Exception <a 'java/lang/NoSuchMethodError': java.lang.Object.nop()Lcom/mojang/datafixers/TypeRewriteRule;> (0x000000076e257fe0) thrown at [C:\jenkins\workspace\8-2-build-windows-amd64-cygwin\jdk8u271\605\hotspot\src\share\vm\interpreter\linkResolver.cpp, 
Event: 5.087 Thread 0x0000029d45453000 Exception <a 'java/lang/NoSuchMethodError': java.lang.Object.lambda$rewrite$1(Lcom/mojang/datafixers/functions/Comp;Lcom/mojang/datafixers/functions/PointFree;)Lcom/mojang/datafixers/functions/PointFree;> (0x000000076ea4d8c0) thrown at [C:\jenkins\workspa
Event: 5.087 Thread 0x0000029d45453000 Exception <a 'java/lang/NoSuchMethodError': java.lang.Object.lambda$rewrite$0(Lcom/mojang/datafixers/functions/Comp;Lcom/mojang/datafixers/functions/PointFree;)Lcom/mojang/datafixers/functions/PointFree;> (0x000000076ea52410) thrown at [C:\jenkins\workspa
Event: 5.110 Thread 0x0000029d45453000 Exception <a 'java/lang/NoSuchMethodError': java.lang.Object.lambda$eval$0(Lcom/mojang/datafixers/optics/profunctors/Profunctor;Lcom/mojang/datafixers/kinds/App2;)Lcom/mojang/datafixers/kinds/App2;> (0x000000076eb2c788) thrown at [C:\jenkins\workspace\8-2
Event: 5.111 Thread 0x0000029d45453000 Exception <a 'java/lang/NoSuchMethodError': java.lang.Object.lambda$eval$1(Lcom/mojang/datafixers/optics/profunctors/Cocartesian;Lcom/mojang/datafixers/kinds/App2;)Lcom/mojang/datafixers/kinds/App2;> (0x000000076eb4a520) thrown at [C:\jenkins\workspace\8-
Event: 5.112 Thread 0x0000029d45453000 Exception <a 'java/lang/NoSuchMethodError': java.lang.Object.lambda$compose$0(Ljava/util/function/Function;Ljava/lang/Object;)Ljava/lang/Object;> (0x000000076eb598c8) thrown at [C:\jenkins\workspace\8-2-build-windows-amd64-cygwin\jdk8u271\605\hotspot\src\
Event: 5.116 Thread 0x0000029d45453000 Exception <a 'java/lang/NoSuchMethodError': java.lang.Object.lambda$eval$0(Lcom/mojang/datafixers/optics/profunctors/TraversalP;Lcom/mojang/datafixers/kinds/App2;)Lcom/mojang/datafixers/kinds/App2;> (0x000000076ebf3738) thrown at [C:\jenkins\workspace\8-2
Event: 5.117 Thread 0x0000029d45453000 Exception <a 'java/lang/NoSuchMethodError': java.lang.Object.lambda$eval$2(Lcom/mojang/datafixers/optics/profunctors/Cartesian;Lcom/mojang/datafixers/kinds/App2;)Lcom/mojang/datafixers/kinds/App2;> (0x000000076f8a4680) thrown at [C:\jenkins\workspace\8-2-
Event: 5.340 Thread 0x0000029d24356000 Exception <a 'java/lang/NoSuchMethodError': java.lang.Object.method_28136(Ljava/util/function/Supplier;Lnet/minecraft/util/Identifier;)Lcom/mojang/serialization/DataResult;> (0x00000007741d4a20) thrown at [C:\jenkins\workspace\8-2-build-windows-amd64-cygw
Event: 5.342 Thread 0x0000029d24356000 Exception <a 'java/lang/NoSuchMethodError': java.lang.Object.method_28135(Ljava/util/function/Supplier;Lnet/minecraft/tag/Tag;)Lcom/mojang/serialization/DataResult;> (0x00000007741d8db0) thrown at [C:\jenkins\workspace\8-2-build-windows-amd64-cygwin\jdk8u

Events (10 events):
Event: 5.368 loading class net/minecraft/world/gen/UniformIntDistribution
Event: 5.368 loading class net/minecraft/world/gen/UniformIntDistribution done
Event: 5.368 loading class com/mojang/datafixers/util/Function3
Event: 5.368 loading class com/mojang/datafixers/util/Function3 done
Event: 5.368 Executing VM operation: RevokeBias
Event: 5.369 Executing VM operation: RevokeBias done
Event: 5.369 loading class com/mojang/serialization/codecs/RecordCodecBuilder$Instance
Event: 5.369 loading class com/mojang/serialization/codecs/RecordCodecBuilder$Instance done
Event: 5.369 loading class com/mojang/serialization/codecs/RecordCodecBuilder$Instance
Event: 5.369 loading class com/mojang/serialization/codecs/RecordCodecBuilder$Instance done


Dynamic libraries:
0x00007ff6d1980000 - 0x00007ff6d19c7000 	C:\Program Files\Java\jdk1.8.0_271\bin\java.exe
0x00007ffee5ef0000 - 0x00007ffee60e5000 	C:\WINDOWS\SYSTEM32\ntdll.dll
0x00007ffee40f0000 - 0x00007ffee41ad000 	C:\WINDOWS\System32\KERNEL32.DLL
0x00007ffee3b20000 - 0x00007ffee3de9000 	C:\WINDOWS\System32\KERNELBASE.dll
0x00007ffee5470000 - 0x00007ffee551c000 	C:\WINDOWS\System32\ADVAPI32.dll
0x00007ffee53a0000 - 0x00007ffee543e000 	C:\WINDOWS\System32\msvcrt.dll
0x00007ffee42f0000 - 0x00007ffee438c000 	C:\WINDOWS\System32\sechost.dll
0x00007ffee5190000 - 0x00007ffee52bb000 	C:\WINDOWS\System32\RPCRT4.dll
0x00007ffee3f50000 - 0x00007ffee40f0000 	C:\WINDOWS\System32\USER32.dll
0x00007ffee3a40000 - 0x00007ffee3a62000 	C:\WINDOWS\System32\win32u.dll
0x00007ffee44c0000 - 0x00007ffee44ea000 	C:\WINDOWS\System32\GDI32.dll
0x00007ffee3df0000 - 0x00007ffee3efb000 	C:\WINDOWS\System32\gdi32full.dll
0x00007ffee3630000 - 0x00007ffee36cd000 	C:\WINDOWS\System32\msvcp_win.dll
0x00007ffee3940000 - 0x00007ffee3a40000 	C:\WINDOWS\System32\ucrtbase.dll
0x00007ffed5ad0000 - 0x00007ffed5d6a000 	C:\WINDOWS\WinSxS\amd64_microsoft.windows.common-controls_6595b64144ccf1df_6.0.19041.844_none_ca00b6081b84eb1d\COMCTL32.dll
0x00007ffee5440000 - 0x00007ffee5470000 	C:\WINDOWS\System32\IMM32.DLL
0x00007ffebaaf0000 - 0x00007ffebab05000 	C:\Program Files\Java\jdk1.8.0_271\jre\bin\vcruntime140.dll
0x00007ffe8efc0000 - 0x00007ffe8f05b000 	C:\Program Files\Java\jdk1.8.0_271\jre\bin\msvcp140.dll
0x0000000056010000 - 0x000000005687f000 	C:\Program Files\Java\jdk1.8.0_271\jre\bin\server\jvm.dll
0x00007ffee5180000 - 0x00007ffee5188000 	C:\WINDOWS\System32\PSAPI.DLL
0x00007ffec6560000 - 0x00007ffec6569000 	C:\WINDOWS\SYSTEM32\WSOCK32.dll
0x00007ffeda760000 - 0x00007ffeda787000 	C:\WINDOWS\SYSTEM32\WINMM.dll
0x00007ffedb3d0000 - 0x00007ffedb3da000 	C:\WINDOWS\SYSTEM32\VERSION.dll
0x00007ffee5520000 - 0x00007ffee558b000 	C:\WINDOWS\System32\WS2_32.dll
0x00007ffee1ef0000 - 0x00007ffee1f02000 	C:\WINDOWS\SYSTEM32\kernel.appcore.dll
0x00007ffec83d0000 - 0x00007ffec83e0000 	C:\Program Files\Java\jdk1.8.0_271\jre\bin\verify.dll
0x00007ffeb8250000 - 0x00007ffeb827b000 	C:\Program Files\Java\jdk1.8.0_271\jre\bin\java.dll
0x00007ffeb7440000 - 0x00007ffeb7458000 	C:\Program Files\Java\jdk1.8.0_271\jre\bin\zip.dll
0x00007ffee4960000 - 0x00007ffee50a2000 	C:\WINDOWS\System32\SHELL32.dll
0x00007ffee1730000 - 0x00007ffee1ec0000 	C:\WINDOWS\SYSTEM32\windows.storage.dll
0x00007ffee5670000 - 0x00007ffee59c5000 	C:\WINDOWS\System32\combase.dll
0x00007ffee2fd0000 - 0x00007ffee2ffc000 	C:\WINDOWS\SYSTEM32\Wldp.dll
0x00007ffee5cd0000 - 0x00007ffee5d7e000 	C:\WINDOWS\System32\SHCORE.dll
0x00007ffee59d0000 - 0x00007ffee5a25000 	C:\WINDOWS\System32\shlwapi.dll
0x00007ffee3570000 - 0x00007ffee358f000 	C:\WINDOWS\SYSTEM32\profapi.dll
0x00007ffecd0d0000 - 0x00007ffecd0ec000 	C:\Program Files\Java\jdk1.8.0_271\jre\bin\net.dll
0x00007ffee2dc0000 - 0x00007ffee2e2a000 	C:\WINDOWS\system32\mswsock.dll
0x00007ffebfe00000 - 0x00007ffebfe13000 	C:\Program Files\Java\jdk1.8.0_271\jre\bin\nio.dll
0x00007ffeca230000 - 0x00007ffeca23d000 	C:\Program Files\Java\jdk1.8.0_271\jre\bin\management.dll
0x00007ffea69b0000 - 0x00007ffea69c7000 	C:\WINDOWS\system32\napinsp.dll
0x00007ffea6990000 - 0x00007ffea69ab000 	C:\WINDOWS\system32\pnrpnsp.dll
0x00007ffeb1970000 - 0x00007ffeb1985000 	C:\WINDOWS\system32\wshbth.dll
0x00007ffedef90000 - 0x00007ffedefad000 	C:\WINDOWS\system32\NLAapi.dll
0x00007ffee2a80000 - 0x00007ffee2abb000 	C:\WINDOWS\SYSTEM32\IPHLPAPI.DLL
0x00007ffee2ad0000 - 0x00007ffee2b9b000 	C:\WINDOWS\SYSTEM32\DNSAPI.dll
0x00007ffee4280000 - 0x00007ffee4288000 	C:\WINDOWS\System32\NSI.dll
0x00007ffea6970000 - 0x00007ffea6982000 	C:\WINDOWS\System32\winrnr.dll
0x0000000057e70000 - 0x0000000057e96000 	C:\Program Files\Bonjour\mdnsNSP.dll
0x00007ffed98e0000 - 0x00007ffed98ea000 	C:\Windows\System32\rasadhlp.dll
0x00007ffedbcc0000 - 0x00007ffedbd3f000 	C:\WINDOWS\System32\fwpuclnt.dll
0x00007ffee3af0000 - 0x00007ffee3b17000 	C:\WINDOWS\System32\bcrypt.dll
0x00007ffee3010000 - 0x00007ffee3028000 	C:\WINDOWS\SYSTEM32\CRYPTSP.dll
0x00007ffee2710000 - 0x00007ffee2744000 	C:\WINDOWS\system32\rsaenh.dll
0x00007ffee34f0000 - 0x00007ffee351e000 	C:\WINDOWS\SYSTEM32\USERENV.dll
0x00007ffee3a70000 - 0x00007ffee3af0000 	C:\WINDOWS\System32\bcryptprimitives.dll
0x00007ffee2f40000 - 0x00007ffee2f4c000 	C:\WINDOWS\SYSTEM32\CRYPTBASE.dll
0x00007ffedd310000 - 0x00007ffedd327000 	C:\WINDOWS\SYSTEM32\dhcpcsvc6.DLL
0x00007ffedd2f0000 - 0x00007ffedd30d000 	C:\WINDOWS\SYSTEM32\dhcpcsvc.DLL
0x00007ffeda790000 - 0x00007ffeda974000 	C:\WINDOWS\SYSTEM32\dbghelp.dll

VM Arguments:
jvm_args: -Dfabric.dli.config=D:\Media\Documents\Minecraft@@0020Modding\IntelliJ\invsync\.gradle\loom-cache\launch.cfg -Dfabric.dli.env=server -Dfabric.dli.main=net.fabricmc.loader.launch.knot.KnotServer -Dfile.encoding=windows-1252 -Duser.country=CA -Duser.language=en -Duser.variant 
java_command: net.fabricmc.devlaunchinjector.Main nogui
java_class_path (initial): D:\Media\Documents\Minecraft Modding\IntelliJ\invsync\build\classes\java\main;D:\Media\Documents\Minecraft Modding\IntelliJ\invsync\build\resources\main;C:\Users\MrNav\.gradle\caches\fabric-loom\yarn-1.16.5+build.5-v2-final.jar;C:\Users\MrNav\.gradle\caches\modules-2\files-2.1\net.fabricmc\tiny-mappings-parser\0.2.2.14\b7020df2520820f670dfaedd2cf23666d24a2aa8\tiny-mappings-parser-0.2.2.14.jar;C:\Users\MrNav\.gradle\caches\modules-2\files-2.1\net.fabricmc\sponge-mixin\0.9.2+mixin.0.8.2\12c437eebf031967eaa7daad861e115932772cc7\sponge-mixin-0.9.2+mixin.0.8.2.jar;C:\Users\MrNav\.gradle\caches\modules-2\files-2.1\net.fabricmc\tiny-remapper\0.3.0.70\8a79e9b88fbc6b49dc4312bb1efcf6c4a8c818df\tiny-remapper-0.3.0.70.jar;C:\Users\MrNav\.gradle\caches\modules-2\files-2.1\net.fabricmc\access-widener\1.0.0\22264da061b12132ecfe15f68e0a90a11b14e6f9\access-widener-1.0.0.jar;C:\Users\MrNav\.gradle\caches\modules-2\files-2.1\net.fabricmc\fabric-loader-sat4j\2.3.5.4\f8fe5353909430b5845ae24ea1e01d83f12ad916\fabric-loader-sat4j-2.3.5.4.jar;C:\Users\MrNav\.gradle\caches\modules-2\files-2.1\com.google.jimfs\jimfs\1.2-fabric\c3705f1acc511edb8ad4fd4e86ae4634a25315bb\jimfs-1.2-fabric.jar;C:\Users\MrNav\.gradle\caches\modules-2\files-2.1\org.ow2.asm\asm\9.1\a99500cf6eea30535eeac6be73899d048f8d12a8\asm-9.1.jar;C:\Users\MrNav\.gradle\caches\modules-2\files-2.1\org.ow2.asm\asm-analysis\9.1\4f61b83b81d8b659958f4bcc48907e93ecea55a0\asm-analysis-9.1.jar;C:\Users\MrNav\.gradle\caches\modules-2\files-2.1\org.ow2.asm\asm-commons\9.1\8b971b182eb5cf100b9e8d4119152d83e00e0fdd\asm-commons-9.1.jar;C:\Users\MrNav\.gradle\caches\modules-2\files-2.1\org.ow2.asm\asm-tree\9.1\c333f2a855069cb8eb17a40a3eb8b1b67755d0eb\asm-tree-9.1.jar;C:\Users\MrNav\.gradle\caches\modules-2\files-2.1\org.ow2.asm\asm-util\9.1\36464a45d871779f3383a8a9aba2b26562a86729\asm-util-9.1.jar;C:\Users\MrNav\.gradle\caches\modules-2\files-2.1\net.fabricmc\dev-launch-injector\0.2.1+build.8\da8bef7e6e2f952da707f282b
Launcher Type: SUN_STANDARD

Environment Variables:
PATH=C:\Program Files\Oculus\Support\oculus-runtime;C:\Program Files (x86)\Common Files\Oracle\Java\javapath;C:\Program Files (x86)\Common Files\Intel\Shared Libraries\redist\intel64\compiler;C:\WINDOWS\system32;C:\WINDOWS;C:\WINDOWS\System32\Wbem;C:\WINDOWS\System32\WindowsPowerShell\v1.0\;C:\WINDOWS\System32\OpenSSH\;C:\Program Files (x86)\QuickTime\QTSystem\;C:\Program Files\Microsoft SQL Server\120\Tools\Binn\;C:\Program Files\Git\cmd;C:\Users\MrNav\AppData\Local\Microsoft\WindowsApps;C:\Users\MrNav\AppData\Local\GitHubDesktop\bin;C:\Users\MrNav\AppData\Local\Microsoft\WindowsApps
USERNAME=MrNav
OS=Windows_NT
PROCESSOR_IDENTIFIER=Intel64 Family 6 Model 60 Stepping 3, GenuineIntel



---------------  S Y S T E M  ---------------

OS: Windows 10.0 , 64 bit Build 19041 (10.0.19041.804)

CPU:total 4 (initial active 4) (4 cores per cpu, 1 threads per core) family 6 model 60 stepping 3, cmov, cx8, fxsr, mmx, sse, sse2, sse3, ssse3, sse4.1, sse4.2, popcnt, avx, avx2, aes, clmul, erms, lzcnt, tsc, tscinvbit, bmi1, bmi2

Memory: 4k page, physical 16714192k(6813324k free), swap 26675664k(9138072k free)

vm_info: Java HotSpot(TM) 64-Bit Server VM (25.271-b09) for windows-amd64 JRE (1.8.0_271-b09), built on Sep 16 2020 19:14:59 by "" with MS VC++ 15.9 (VS2017)

time: Tue Mar 16 23:44:08 2021
timezone: Mountain Daylight Time
elapsed time: 5.378719 seconds (0d 0h 0m 5s)

